<?xml version="1.0" encoding="UTF-8"?>
<TestRun id="a7944705-72d5-44eb-a29f-13123c148c30" name="Emmanuel@EMMANUEL-PC 2013-01-12 19:28:52" runUser="Emmanuel-PC\Emmanuel" xmlns="http://microsoft.com/schemas/VisualStudio/TeamTest/2010">
  <TestSettings name="Paramètres de test par défaut" id="529dfa39-48b1-401c-ac11-49090d6ded09">
    <Deployment runDeploymentRoot="Emmanuel_EMMANUEL-PC 2013-01-12 19_28_52">
      <DeploymentItem filename="C:\Users\Emmanuel\Desktop\siabd\projet\projetSIABD\projetSIABD\bin\projetSIABD.dll" />
    </Deployment>
    <Execution>
      <TestTypeSpecific />
      <AgentRule name="Execution Agents">
      </AgentRule>
    </Execution>
  </TestSettings>
  <Times creation="2013-01-12T19:28:52.0632637+01:00" queuing="2013-01-12T19:28:53.9533718+01:00" start="2013-01-12T19:28:54.2933913+01:00" finish="2013-01-12T19:28:56.0274904+01:00" />
  <ResultSummary outcome="Failed">
    <Counters total="17" executed="17" error="0" failed="17" timeout="0" aborted="0" inconclusive="0" passedButRunAborted="0" notRunnable="0" notExecuted="0" disconnected="0" warning="0" passed="0" completed="0" inProgress="0" pending="0" />
    <Output>
      <DebugTrace>E, 8384, 13, 2013/01/12, 19:28:55.428, EMMANUEL-PC\QTAgent32.exe, Unit Test Executor threw an exception. Most likely the test run was aborted by the user or the framework:System.Reflection.ReflectionTypeLoadException: Impossible de charger un ou plusieurs des types requis. Extrayez la propriété LoaderExceptions pour plus d'informations.
   à System.Reflection.RuntimeModule.GetTypes(RuntimeModule module)
   à System.Reflection.RuntimeModule.GetTypes()
   à System.Reflection.Assembly.GetTypes()
   à Microsoft.VisualStudio.TestTools.TestTypes.Unit.UnitTestExecuter.GetAssemblyInfo(Assembly assembly)
   à Microsoft.VisualStudio.TestTools.TestTypes.Unit.UnitTestExecuter.GetTypeInfo(Type type, Boolean checkAlreadyExaminedType)
   à Microsoft.VisualStudio.TestTools.TestTypes.Unit.UnitTestExecuter.GetTypeInfo(Type type)
   à Microsoft.VisualStudio.TestTools.TestTypes.Unit.UnitTestExecuter.ResolveMethods()
   à Microsoft.VisualStudio.TestTools.TestTypes.Unit.UnitTestExecuter.Initialize(UnitTestResult result, UnitTestRunner runner, ConsoleOutputRedirector redirector)
E, 8384, 13, 2013/01/12, 19:28:55.438, EMMANUEL-PC\QTAgent32.exe, Unit Test Adapter threw exception: System.Reflection.ReflectionTypeLoadException: Impossible de charger un ou plusieurs des types requis. Extrayez la propriété LoaderExceptions pour plus d'informations.
   à System.Reflection.RuntimeModule.GetTypes(RuntimeModule module)
   à System.Reflection.RuntimeModule.GetTypes()
   à System.Reflection.Assembly.GetTypes()
   à Microsoft.VisualStudio.TestTools.TestTypes.Unit.UnitTestExecuter.GetAssemblyInfo(Assembly assembly)
   à Microsoft.VisualStudio.TestTools.TestTypes.Unit.UnitTestExecuter.GetTypeInfo(Type type, Boolean checkAlreadyExaminedType)
   à Microsoft.VisualStudio.TestTools.TestTypes.Unit.UnitTestExecuter.GetTypeInfo(Type type)
   à Microsoft.VisualStudio.TestTools.TestTypes.Unit.UnitTestExecuter.ResolveMethods()
   à Microsoft.VisualStudio.TestTools.TestTypes.Unit.UnitTestExecuter.Initialize(UnitTestResult result, UnitTestRunner runner, ConsoleOutputRedirector redirector)
   à Microsoft.VisualStudio.TestTools.TestTypes.Unit.UnitTestRunner.Run(UnitTestElement test, ITestContext testContext, Boolean isLoadTest, Boolean useMultipleCpus)
E, 8384, 18, 2013/01/12, 19:28:55.664, EMMANUEL-PC\QTAgent32.exe, Unit Test Executor threw an exception. Most likely the test run was aborted by the user or the framework:System.Reflection.ReflectionTypeLoadException: Impossible de charger un ou plusieurs des types requis. Extrayez la propriété LoaderExceptions pour plus d'informations.
   à System.Reflection.RuntimeModule.GetTypes(RuntimeModule module)
   à System.Reflection.RuntimeModule.GetTypes()
   à System.Reflection.Assembly.GetTypes()
   à Microsoft.VisualStudio.TestTools.TestTypes.Unit.UnitTestExecuter.GetAssemblyInfo(Assembly assembly)
   à Microsoft.VisualStudio.TestTools.TestTypes.Unit.UnitTestExecuter.GetTypeInfo(Type type, Boolean checkAlreadyExaminedType)
   à Microsoft.VisualStudio.TestTools.TestTypes.Unit.UnitTestExecuter.GetTypeInfo(Type type)
   à Microsoft.VisualStudio.TestTools.TestTypes.Unit.UnitTestExecuter.ResolveMethods()
   à Microsoft.VisualStudio.TestTools.TestTypes.Unit.UnitTestExecuter.Initialize(UnitTestResult result, UnitTestRunner runner, ConsoleOutputRedirector redirector)
E, 8384, 18, 2013/01/12, 19:28:55.672, EMMANUEL-PC\QTAgent32.exe, Unit Test Adapter threw exception: System.Reflection.ReflectionTypeLoadException: Impossible de charger un ou plusieurs des types requis. Extrayez la propriété LoaderExceptions pour plus d'informations.
   à System.Reflection.RuntimeModule.GetTypes(RuntimeModule module)
   à System.Reflection.RuntimeModule.GetTypes()
   à System.Reflection.Assembly.GetTypes()
   à Microsoft.VisualStudio.TestTools.TestTypes.Unit.UnitTestExecuter.GetAssemblyInfo(Assembly assembly)
   à Microsoft.VisualStudio.TestTools.TestTypes.Unit.UnitTestExecuter.GetTypeInfo(Type type, Boolean checkAlreadyExaminedType)
   à Microsoft.VisualStudio.TestTools.TestTypes.Unit.UnitTestExecuter.GetTypeInfo(Type type)
   à Microsoft.VisualStudio.TestTools.TestTypes.Unit.UnitTestExecuter.ResolveMethods()
   à Microsoft.VisualStudio.TestTools.TestTypes.Unit.UnitTestExecuter.Initialize(UnitTestResult result, UnitTestRunner runner, ConsoleOutputRedirector redirector)
   à Microsoft.VisualStudio.TestTools.TestTypes.Unit.UnitTestRunner.Run(UnitTestElement test, ITestContext testContext, Boolean isLoadTest, Boolean useMultipleCpus)
E, 8384, 20, 2013/01/12, 19:28:55.688, EMMANUEL-PC\QTAgent32.exe, Unit Test Executor threw an exception. Most likely the test run was aborted by the user or the framework:System.Reflection.ReflectionTypeLoadException: Impossible de charger un ou plusieurs des types requis. Extrayez la propriété LoaderExceptions pour plus d'informations.
   à System.Reflection.RuntimeModule.GetTypes(RuntimeModule module)
   à System.Reflection.RuntimeModule.GetTypes()
   à System.Reflection.Assembly.GetTypes()
   à Microsoft.VisualStudio.TestTools.TestTypes.Unit.UnitTestExecuter.GetAssemblyInfo(Assembly assembly)
   à Microsoft.VisualStudio.TestTools.TestTypes.Unit.UnitTestExecuter.GetTypeInfo(Type type, Boolean checkAlreadyExaminedType)
   à Microsoft.VisualStudio.TestTools.TestTypes.Unit.UnitTestExecuter.GetTypeInfo(Type type)
   à Microsoft.VisualStudio.TestTools.TestTypes.Unit.UnitTestExecuter.ResolveMethods()
   à Microsoft.VisualStudio.TestTools.TestTypes.Unit.UnitTestExecuter.Initialize(UnitTestResult result, UnitTestRunner runner, ConsoleOutputRedirector redirector)
E, 8384, 20, 2013/01/12, 19:28:55.692, EMMANUEL-PC\QTAgent32.exe, Unit Test Adapter threw exception: System.Reflection.ReflectionTypeLoadException: Impossible de charger un ou plusieurs des types requis. Extrayez la propriété LoaderExceptions pour plus d'informations.
   à System.Reflection.RuntimeModule.GetTypes(RuntimeModule module)
   à System.Reflection.RuntimeModule.GetTypes()
   à System.Reflection.Assembly.GetTypes()
   à Microsoft.VisualStudio.TestTools.TestTypes.Unit.UnitTestExecuter.GetAssemblyInfo(Assembly assembly)
   à Microsoft.VisualStudio.TestTools.TestTypes.Unit.UnitTestExecuter.GetTypeInfo(Type type, Boolean checkAlreadyExaminedType)
   à Microsoft.VisualStudio.TestTools.TestTypes.Unit.UnitTestExecuter.GetTypeInfo(Type type)
   à Microsoft.VisualStudio.TestTools.TestTypes.Unit.UnitTestExecuter.ResolveMethods()
   à Microsoft.VisualStudio.TestTools.TestTypes.Unit.UnitTestExecuter.Initialize(UnitTestResult result, UnitTestRunner runner, ConsoleOutputRedirector redirector)
   à Microsoft.VisualStudio.TestTools.TestTypes.Unit.UnitTestRunner.Run(UnitTestElement test, ITestContext testContext, Boolean isLoadTest, Boolean useMultipleCpus)
E, 8384, 22, 2013/01/12, 19:28:55.709, EMMANUEL-PC\QTAgent32.exe, Unit Test Executor threw an exception. Most likely the test run was aborted by the user or the framework:System.Reflection.ReflectionTypeLoadException: Impossible de charger un ou plusieurs des types requis. Extrayez la propriété LoaderExceptions pour plus d'informations.
   à System.Reflection.RuntimeModule.GetTypes(RuntimeModule module)
   à System.Reflection.RuntimeModule.GetTypes()
   à System.Reflection.Assembly.GetTypes()
   à Microsoft.VisualStudio.TestTools.TestTypes.Unit.UnitTestExecuter.GetAssemblyInfo(Assembly assembly)
   à Microsoft.VisualStudio.TestTools.TestTypes.Unit.UnitTestExecuter.GetTypeInfo(Type type, Boolean checkAlreadyExaminedType)
   à Microsoft.VisualStudio.TestTools.TestTypes.Unit.UnitTestExecuter.GetTypeInfo(Type type)
   à Microsoft.VisualStudio.TestTools.TestTypes.Unit.UnitTestExecuter.ResolveMethods()
   à Microsoft.VisualStudio.TestTools.TestTypes.Unit.UnitTestExecuter.Initialize(UnitTestResult result, UnitTestRunner runner, ConsoleOutputRedirector redirector)
E, 8384, 22, 2013/01/12, 19:28:55.712, EMMANUEL-PC\QTAgent32.exe, Unit Test Adapter threw exception: System.Reflection.ReflectionTypeLoadException: Impossible de charger un ou plusieurs des types requis. Extrayez la propriété LoaderExceptions pour plus d'informations.
   à System.Reflection.RuntimeModule.GetTypes(RuntimeModule module)
   à System.Reflection.RuntimeModule.GetTypes()
   à System.Reflection.Assembly.GetTypes()
   à Microsoft.VisualStudio.TestTools.TestTypes.Unit.UnitTestExecuter.GetAssemblyInfo(Assembly assembly)
   à Microsoft.VisualStudio.TestTools.TestTypes.Unit.UnitTestExecuter.GetTypeInfo(Type type, Boolean checkAlreadyExaminedType)
   à Microsoft.VisualStudio.TestTools.TestTypes.Unit.UnitTestExecuter.GetTypeInfo(Type type)
   à Microsoft.VisualStudio.TestTools.TestTypes.Unit.UnitTestExecuter.ResolveMethods()
   à Microsoft.VisualStudio.TestTools.TestTypes.Unit.UnitTestExecuter.Initialize(UnitTestResult result, UnitTestRunner runner, ConsoleOutputRedirector redirector)
   à Microsoft.VisualStudio.TestTools.TestTypes.Unit.UnitTestRunner.Run(UnitTestElement test, ITestContext testContext, Boolean isLoadTest, Boolean useMultipleCpus)
E, 8384, 24, 2013/01/12, 19:28:55.725, EMMANUEL-PC\QTAgent32.exe, Unit Test Executor threw an exception. Most likely the test run was aborted by the user or the framework:System.Reflection.ReflectionTypeLoadException: Impossible de charger un ou plusieurs des types requis. Extrayez la propriété LoaderExceptions pour plus d'informations.
   à System.Reflection.RuntimeModule.GetTypes(RuntimeModule module)
   à System.Reflection.RuntimeModule.GetTypes()
   à System.Reflection.Assembly.GetTypes()
   à Microsoft.VisualStudio.TestTools.TestTypes.Unit.UnitTestExecuter.GetAssemblyInfo(Assembly assembly)
   à Microsoft.VisualStudio.TestTools.TestTypes.Unit.UnitTestExecuter.GetTypeInfo(Type type, Boolean checkAlreadyExaminedType)
   à Microsoft.VisualStudio.TestTools.TestTypes.Unit.UnitTestExecuter.GetTypeInfo(Type type)
   à Microsoft.VisualStudio.TestTools.TestTypes.Unit.UnitTestExecuter.ResolveMethods()
   à Microsoft.VisualStudio.TestTools.TestTypes.Unit.UnitTestExecuter.Initialize(UnitTestResult result, UnitTestRunner runner, ConsoleOutputRedirector redirector)
E, 8384, 24, 2013/01/12, 19:28:55.728, EMMANUEL-PC\QTAgent32.exe, Unit Test Adapter threw exception: System.Reflection.ReflectionTypeLoadException: Impossible de charger un ou plusieurs des types requis. Extrayez la propriété LoaderExceptions pour plus d'informations.
   à System.Reflection.RuntimeModule.GetTypes(RuntimeModule module)
   à System.Reflection.RuntimeModule.GetTypes()
   à System.Reflection.Assembly.GetTypes()
   à Microsoft.VisualStudio.TestTools.TestTypes.Unit.UnitTestExecuter.GetAssemblyInfo(Assembly assembly)
   à Microsoft.VisualStudio.TestTools.TestTypes.Unit.UnitTestExecuter.GetTypeInfo(Type type, Boolean checkAlreadyExaminedType)
   à Microsoft.VisualStudio.TestTools.TestTypes.Unit.UnitTestExecuter.GetTypeInfo(Type type)
   à Microsoft.VisualStudio.TestTools.TestTypes.Unit.UnitTestExecuter.ResolveMethods()
   à Microsoft.VisualStudio.TestTools.TestTypes.Unit.UnitTestExecuter.Initialize(UnitTestResult result, UnitTestRunner runner, ConsoleOutputRedirector redirector)
   à Microsoft.VisualStudio.TestTools.TestTypes.Unit.UnitTestRunner.Run(UnitTestElement test, ITestContext testContext, Boolean isLoadTest, Boolean useMultipleCpus)
E, 8384, 26, 2013/01/12, 19:28:55.742, EMMANUEL-PC\QTAgent32.exe, Unit Test Executor threw an exception. Most likely the test run was aborted by the user or the framework:System.Reflection.ReflectionTypeLoadException: Impossible de charger un ou plusieurs des types requis. Extrayez la propriété LoaderExceptions pour plus d'informations.
   à System.Reflection.RuntimeModule.GetTypes(RuntimeModule module)
   à System.Reflection.RuntimeModule.GetTypes()
   à System.Reflection.Assembly.GetTypes()
   à Microsoft.VisualStudio.TestTools.TestTypes.Unit.UnitTestExecuter.GetAssemblyInfo(Assembly assembly)
   à Microsoft.VisualStudio.TestTools.TestTypes.Unit.UnitTestExecuter.GetTypeInfo(Type type, Boolean checkAlreadyExaminedType)
   à Microsoft.VisualStudio.TestTools.TestTypes.Unit.UnitTestExecuter.GetTypeInfo(Type type)
   à Microsoft.VisualStudio.TestTools.TestTypes.Unit.UnitTestExecuter.ResolveMethods()
   à Microsoft.VisualStudio.TestTools.TestTypes.Unit.UnitTestExecuter.Initialize(UnitTestResult result, UnitTestRunner runner, ConsoleOutputRedirector redirector)
E, 8384, 26, 2013/01/12, 19:28:55.745, EMMANUEL-PC\QTAgent32.exe, Unit Test Adapter threw exception: System.Reflection.ReflectionTypeLoadException: Impossible de charger un ou plusieurs des types requis. Extrayez la propriété LoaderExceptions pour plus d'informations.
   à System.Reflection.RuntimeModule.GetTypes(RuntimeModule module)
   à System.Reflection.RuntimeModule.GetTypes()
   à System.Reflection.Assembly.GetTypes()
   à Microsoft.VisualStudio.TestTools.TestTypes.Unit.UnitTestExecuter.GetAssemblyInfo(Assembly assembly)
   à Microsoft.VisualStudio.TestTools.TestTypes.Unit.UnitTestExecuter.GetTypeInfo(Type type, Boolean checkAlreadyExaminedType)
   à Microsoft.VisualStudio.TestTools.TestTypes.Unit.UnitTestExecuter.GetTypeInfo(Type type)
   à Microsoft.VisualStudio.TestTools.TestTypes.Unit.UnitTestExecuter.ResolveMethods()
   à Microsoft.VisualStudio.TestTools.TestTypes.Unit.UnitTestExecuter.Initialize(UnitTestResult result, UnitTestRunner runner, ConsoleOutputRedirector redirector)
   à Microsoft.VisualStudio.TestTools.TestTypes.Unit.UnitTestRunner.Run(UnitTestElement test, ITestContext testContext, Boolean isLoadTest, Boolean useMultipleCpus)
E, 8384, 28, 2013/01/12, 19:28:55.759, EMMANUEL-PC\QTAgent32.exe, Unit Test Executor threw an exception. Most likely the test run was aborted by the user or the framework:System.Reflection.ReflectionTypeLoadException: Impossible de charger un ou plusieurs des types requis. Extrayez la propriété LoaderExceptions pour plus d'informations.
   à System.Reflection.RuntimeModule.GetTypes(RuntimeModule module)
   à System.Reflection.RuntimeModule.GetTypes()
   à System.Reflection.Assembly.GetTypes()
   à Microsoft.VisualStudio.TestTools.TestTypes.Unit.UnitTestExecuter.GetAssemblyInfo(Assembly assembly)
   à Microsoft.VisualStudio.TestTools.TestTypes.Unit.UnitTestExecuter.GetTypeInfo(Type type, Boolean checkAlreadyExaminedType)
   à Microsoft.VisualStudio.TestTools.TestTypes.Unit.UnitTestExecuter.GetTypeInfo(Type type)
   à Microsoft.VisualStudio.TestTools.TestTypes.Unit.UnitTestExecuter.ResolveMethods()
   à Microsoft.VisualStudio.TestTools.TestTypes.Unit.UnitTestExecuter.Initialize(UnitTestResult result, UnitTestRunner runner, ConsoleOutputRedirector redirector)
E, 8384, 28, 2013/01/12, 19:28:55.762, EMMANUEL-PC\QTAgent32.exe, Unit Test Adapter threw exception: System.Reflection.ReflectionTypeLoadException: Impossible de charger un ou plusieurs des types requis. Extrayez la propriété LoaderExceptions pour plus d'informations.
   à System.Reflection.RuntimeModule.GetTypes(RuntimeModule module)
   à System.Reflection.RuntimeModule.GetTypes()
   à System.Reflection.Assembly.GetTypes()
   à Microsoft.VisualStudio.TestTools.TestTypes.Unit.UnitTestExecuter.GetAssemblyInfo(Assembly assembly)
   à Microsoft.VisualStudio.TestTools.TestTypes.Unit.UnitTestExecuter.GetTypeInfo(Type type, Boolean checkAlreadyExaminedType)
   à Microsoft.VisualStudio.TestTools.TestTypes.Unit.UnitTestExecuter.GetTypeInfo(Type type)
   à Microsoft.VisualStudio.TestTools.TestTypes.Unit.UnitTestExecuter.ResolveMethods()
   à Microsoft.VisualStudio.TestTools.TestTypes.Unit.UnitTestExecuter.Initialize(UnitTestResult result, UnitTestRunner runner, ConsoleOutputRedirector redirector)
   à Microsoft.VisualStudio.TestTools.TestTypes.Unit.UnitTestRunner.Run(UnitTestElement test, ITestContext testContext, Boolean isLoadTest, Boolean useMultipleCpus)
E, 8384, 30, 2013/01/12, 19:28:55.777, EMMANUEL-PC\QTAgent32.exe, Unit Test Executor threw an exception. Most likely the test run was aborted by the user or the framework:System.Reflection.ReflectionTypeLoadException: Impossible de charger un ou plusieurs des types requis. Extrayez la propriété LoaderExceptions pour plus d'informations.
   à System.Reflection.RuntimeModule.GetTypes(RuntimeModule module)
   à System.Reflection.RuntimeModule.GetTypes()
   à System.Reflection.Assembly.GetTypes()
   à Microsoft.VisualStudio.TestTools.TestTypes.Unit.UnitTestExecuter.GetAssemblyInfo(Assembly assembly)
   à Microsoft.VisualStudio.TestTools.TestTypes.Unit.UnitTestExecuter.GetTypeInfo(Type type, Boolean checkAlreadyExaminedType)
   à Microsoft.VisualStudio.TestTools.TestTypes.Unit.UnitTestExecuter.GetTypeInfo(Type type)
   à Microsoft.VisualStudio.TestTools.TestTypes.Unit.UnitTestExecuter.ResolveMethods()
   à Microsoft.VisualStudio.TestTools.TestTypes.Unit.UnitTestExecuter.Initialize(UnitTestResult result, UnitTestRunner runner, ConsoleOutputRedirector redirector)
E, 8384, 30, 2013/01/12, 19:28:55.780, EMMANUEL-PC\QTAgent32.exe, Unit Test Adapter threw exception: System.Reflection.ReflectionTypeLoadException: Impossible de charger un ou plusieurs des types requis. Extrayez la propriété LoaderExceptions pour plus d'informations.
   à System.Reflection.RuntimeModule.GetTypes(RuntimeModule module)
   à System.Reflection.RuntimeModule.GetTypes()
   à System.Reflection.Assembly.GetTypes()
   à Microsoft.VisualStudio.TestTools.TestTypes.Unit.UnitTestExecuter.GetAssemblyInfo(Assembly assembly)
   à Microsoft.VisualStudio.TestTools.TestTypes.Unit.UnitTestExecuter.GetTypeInfo(Type type, Boolean checkAlreadyExaminedType)
   à Microsoft.VisualStudio.TestTools.TestTypes.Unit.UnitTestExecuter.GetTypeInfo(Type type)
   à Microsoft.VisualStudio.TestTools.TestTypes.Unit.UnitTestExecuter.ResolveMethods()
   à Microsoft.VisualStudio.TestTools.TestTypes.Unit.UnitTestExecuter.Initialize(UnitTestResult result, UnitTestRunner runner, ConsoleOutputRedirector redirector)
   à Microsoft.VisualStudio.TestTools.TestTypes.Unit.UnitTestRunner.Run(UnitTestElement test, ITestContext testContext, Boolean isLoadTest, Boolean useMultipleCpus)
E, 8384, 32, 2013/01/12, 19:28:55.798, EMMANUEL-PC\QTAgent32.exe, Unit Test Executor threw an exception. Most likely the test run was aborted by the user or the framework:System.Reflection.ReflectionTypeLoadException: Impossible de charger un ou plusieurs des types requis. Extrayez la propriété LoaderExceptions pour plus d'informations.
   à System.Reflection.RuntimeModule.GetTypes(RuntimeModule module)
   à System.Reflection.RuntimeModule.GetTypes()
   à System.Reflection.Assembly.GetTypes()
   à Microsoft.VisualStudio.TestTools.TestTypes.Unit.UnitTestExecuter.GetAssemblyInfo(Assembly assembly)
   à Microsoft.VisualStudio.TestTools.TestTypes.Unit.UnitTestExecuter.GetTypeInfo(Type type, Boolean checkAlreadyExaminedType)
   à Microsoft.VisualStudio.TestTools.TestTypes.Unit.UnitTestExecuter.GetTypeInfo(Type type)
   à Microsoft.VisualStudio.TestTools.TestTypes.Unit.UnitTestExecuter.ResolveMethods()
   à Microsoft.VisualStudio.TestTools.TestTypes.Unit.UnitTestExecuter.Initialize(UnitTestResult result, UnitTestRunner runner, ConsoleOutputRedirector redirector)
E, 8384, 32, 2013/01/12, 19:28:55.801, EMMANUEL-PC\QTAgent32.exe, Unit Test Adapter threw exception: System.Reflection.ReflectionTypeLoadException: Impossible de charger un ou plusieurs des types requis. Extrayez la propriété LoaderExceptions pour plus d'informations.
   à System.Reflection.RuntimeModule.GetTypes(RuntimeModule module)
   à System.Reflection.RuntimeModule.GetTypes()
   à System.Reflection.Assembly.GetTypes()
   à Microsoft.VisualStudio.TestTools.TestTypes.Unit.UnitTestExecuter.GetAssemblyInfo(Assembly assembly)
   à Microsoft.VisualStudio.TestTools.TestTypes.Unit.UnitTestExecuter.GetTypeInfo(Type type, Boolean checkAlreadyExaminedType)
   à Microsoft.VisualStudio.TestTools.TestTypes.Unit.UnitTestExecuter.GetTypeInfo(Type type)
   à Microsoft.VisualStudio.TestTools.TestTypes.Unit.UnitTestExecuter.ResolveMethods()
   à Microsoft.VisualStudio.TestTools.TestTypes.Unit.UnitTestExecuter.Initialize(UnitTestResult result, UnitTestRunner runner, ConsoleOutputRedirector redirector)
   à Microsoft.VisualStudio.TestTools.TestTypes.Unit.UnitTestRunner.Run(UnitTestElement test, ITestContext testContext, Boolean isLoadTest, Boolean useMultipleCpus)
E, 8384, 34, 2013/01/12, 19:28:55.820, EMMANUEL-PC\QTAgent32.exe, Unit Test Executor threw an exception. Most likely the test run was aborted by the user or the framework:System.Reflection.ReflectionTypeLoadException: Impossible de charger un ou plusieurs des types requis. Extrayez la propriété LoaderExceptions pour plus d'informations.
   à System.Reflection.RuntimeModule.GetTypes(RuntimeModule module)
   à System.Reflection.RuntimeModule.GetTypes()
   à System.Reflection.Assembly.GetTypes()
   à Microsoft.VisualStudio.TestTools.TestTypes.Unit.UnitTestExecuter.GetAssemblyInfo(Assembly assembly)
   à Microsoft.VisualStudio.TestTools.TestTypes.Unit.UnitTestExecuter.GetTypeInfo(Type type, Boolean checkAlreadyExaminedType)
   à Microsoft.VisualStudio.TestTools.TestTypes.Unit.UnitTestExecuter.GetTypeInfo(Type type)
   à Microsoft.VisualStudio.TestTools.TestTypes.Unit.UnitTestExecuter.ResolveMethods()
   à Microsoft.VisualStudio.TestTools.TestTypes.Unit.UnitTestExecuter.Initialize(UnitTestResult result, UnitTestRunner runner, ConsoleOutputRedirector redirector)
E, 8384, 34, 2013/01/12, 19:28:55.824, EMMANUEL-PC\QTAgent32.exe, Unit Test Adapter threw exception: System.Reflection.ReflectionTypeLoadException: Impossible de charger un ou plusieurs des types requis. Extrayez la propriété LoaderExceptions pour plus d'informations.
   à System.Reflection.RuntimeModule.GetTypes(RuntimeModule module)
   à System.Reflection.RuntimeModule.GetTypes()
   à System.Reflection.Assembly.GetTypes()
   à Microsoft.VisualStudio.TestTools.TestTypes.Unit.UnitTestExecuter.GetAssemblyInfo(Assembly assembly)
   à Microsoft.VisualStudio.TestTools.TestTypes.Unit.UnitTestExecuter.GetTypeInfo(Type type, Boolean checkAlreadyExaminedType)
   à Microsoft.VisualStudio.TestTools.TestTypes.Unit.UnitTestExecuter.GetTypeInfo(Type type)
   à Microsoft.VisualStudio.TestTools.TestTypes.Unit.UnitTestExecuter.ResolveMethods()
   à Microsoft.VisualStudio.TestTools.TestTypes.Unit.UnitTestExecuter.Initialize(UnitTestResult result, UnitTestRunner runner, ConsoleOutputRedirector redirector)
   à Microsoft.VisualStudio.TestTools.TestTypes.Unit.UnitTestRunner.Run(UnitTestElement test, ITestContext testContext, Boolean isLoadTest, Boolean useMultipleCpus)
E, 8384, 36, 2013/01/12, 19:28:55.838, EMMANUEL-PC\QTAgent32.exe, Unit Test Executor threw an exception. Most likely the test run was aborted by the user or the framework:System.Reflection.ReflectionTypeLoadException: Impossible de charger un ou plusieurs des types requis. Extrayez la propriété LoaderExceptions pour plus d'informations.
   à System.Reflection.RuntimeModule.GetTypes(RuntimeModule module)
   à System.Reflection.RuntimeModule.GetTypes()
   à System.Reflection.Assembly.GetTypes()
   à Microsoft.VisualStudio.TestTools.TestTypes.Unit.UnitTestExecuter.GetAssemblyInfo(Assembly assembly)
   à Microsoft.VisualStudio.TestTools.TestTypes.Unit.UnitTestExecuter.GetTypeInfo(Type type, Boolean checkAlreadyExaminedType)
   à Microsoft.VisualStudio.TestTools.TestTypes.Unit.UnitTestExecuter.GetTypeInfo(Type type)
   à Microsoft.VisualStudio.TestTools.TestTypes.Unit.UnitTestExecuter.ResolveMethods()
   à Microsoft.VisualStudio.TestTools.TestTypes.Unit.UnitTestExecuter.Initialize(UnitTestResult result, UnitTestRunner runner, ConsoleOutputRedirector redirector)
E, 8384, 36, 2013/01/12, 19:28:55.842, EMMANUEL-PC\QTAgent32.exe, Unit Test Adapter threw exception: System.Reflection.ReflectionTypeLoadException: Impossible de charger un ou plusieurs des types requis. Extrayez la propriété LoaderExceptions pour plus d'informations.
   à System.Reflection.RuntimeModule.GetTypes(RuntimeModule module)
   à System.Reflection.RuntimeModule.GetTypes()
   à System.Reflection.Assembly.GetTypes()
   à Microsoft.VisualStudio.TestTools.TestTypes.Unit.UnitTestExecuter.GetAssemblyInfo(Assembly assembly)
   à Microsoft.VisualStudio.TestTools.TestTypes.Unit.UnitTestExecuter.GetTypeInfo(Type type, Boolean checkAlreadyExaminedType)
   à Microsoft.VisualStudio.TestTools.TestTypes.Unit.UnitTestExecuter.GetTypeInfo(Type type)
   à Microsoft.VisualStudio.TestTools.TestTypes.Unit.UnitTestExecuter.ResolveMethods()
   à Microsoft.VisualStudio.TestTools.TestTypes.Unit.UnitTestExecuter.Initialize(UnitTestResult result, UnitTestRunner runner, ConsoleOutputRedirector redirector)
   à Microsoft.VisualStudio.TestTools.TestTypes.Unit.UnitTestRunner.Run(UnitTestElement test, ITestContext testContext, Boolean isLoadTest, Boolean useMultipleCpus)
E, 8384, 38, 2013/01/12, 19:28:55.859, EMMANUEL-PC\QTAgent32.exe, Unit Test Executor threw an exception. Most likely the test run was aborted by the user or the framework:System.Reflection.ReflectionTypeLoadException: Impossible de charger un ou plusieurs des types requis. Extrayez la propriété LoaderExceptions pour plus d'informations.
   à System.Reflection.RuntimeModule.GetTypes(RuntimeModule module)
   à System.Reflection.RuntimeModule.GetTypes()
   à System.Reflection.Assembly.GetTypes()
   à Microsoft.VisualStudio.TestTools.TestTypes.Unit.UnitTestExecuter.GetAssemblyInfo(Assembly assembly)
   à Microsoft.VisualStudio.TestTools.TestTypes.Unit.UnitTestExecuter.GetTypeInfo(Type type, Boolean checkAlreadyExaminedType)
   à Microsoft.VisualStudio.TestTools.TestTypes.Unit.UnitTestExecuter.GetTypeInfo(Type type)
   à Microsoft.VisualStudio.TestTools.TestTypes.Unit.UnitTestExecuter.ResolveMethods()
   à Microsoft.VisualStudio.TestTools.TestTypes.Unit.UnitTestExecuter.Initialize(UnitTestResult result, UnitTestRunner runner, ConsoleOutputRedirector redirector)
E, 8384, 38, 2013/01/12, 19:28:55.863, EMMANUEL-PC\QTAgent32.exe, Unit Test Adapter threw exception: System.Reflection.ReflectionTypeLoadException: Impossible de charger un ou plusieurs des types requis. Extrayez la propriété LoaderExceptions pour plus d'informations.
   à System.Reflection.RuntimeModule.GetTypes(RuntimeModule module)
   à System.Reflection.RuntimeModule.GetTypes()
   à System.Reflection.Assembly.GetTypes()
   à Microsoft.VisualStudio.TestTools.TestTypes.Unit.UnitTestExecuter.GetAssemblyInfo(Assembly assembly)
   à Microsoft.VisualStudio.TestTools.TestTypes.Unit.UnitTestExecuter.GetTypeInfo(Type type, Boolean checkAlreadyExaminedType)
   à Microsoft.VisualStudio.TestTools.TestTypes.Unit.UnitTestExecuter.GetTypeInfo(Type type)
   à Microsoft.VisualStudio.TestTools.TestTypes.Unit.UnitTestExecuter.ResolveMethods()
   à Microsoft.VisualStudio.TestTools.TestTypes.Unit.UnitTestExecuter.Initialize(UnitTestResult result, UnitTestRunner runner, ConsoleOutputRedirector redirector)
   à Microsoft.VisualStudio.TestTools.TestTypes.Unit.UnitTestRunner.Run(UnitTestElement test, ITestContext testContext, Boolean isLoadTest, Boolean useMultipleCpus)
E, 8384, 40, 2013/01/12, 19:28:55.876, EMMANUEL-PC\QTAgent32.exe, Unit Test Executor threw an exception. Most likely the test run was aborted by the user or the framework:System.Reflection.ReflectionTypeLoadException: Impossible de charger un ou plusieurs des types requis. Extrayez la propriété LoaderExceptions pour plus d'informations.
   à System.Reflection.RuntimeModule.GetTypes(RuntimeModule module)
   à System.Reflection.RuntimeModule.GetTypes()
   à System.Reflection.Assembly.GetTypes()
   à Microsoft.VisualStudio.TestTools.TestTypes.Unit.UnitTestExecuter.GetAssemblyInfo(Assembly assembly)
   à Microsoft.VisualStudio.TestTools.TestTypes.Unit.UnitTestExecuter.GetTypeInfo(Type type, Boolean checkAlreadyExaminedType)
   à Microsoft.VisualStudio.TestTools.TestTypes.Unit.UnitTestExecuter.GetTypeInfo(Type type)
   à Microsoft.VisualStudio.TestTools.TestTypes.Unit.UnitTestExecuter.ResolveMethods()
   à Microsoft.VisualStudio.TestTools.TestTypes.Unit.UnitTestExecuter.Initialize(UnitTestResult result, UnitTestRunner runner, ConsoleOutputRedirector redirector)
E, 8384, 40, 2013/01/12, 19:28:55.879, EMMANUEL-PC\QTAgent32.exe, Unit Test Adapter threw exception: System.Reflection.ReflectionTypeLoadException: Impossible de charger un ou plusieurs des types requis. Extrayez la propriété LoaderExceptions pour plus d'informations.
   à System.Reflection.RuntimeModule.GetTypes(RuntimeModule module)
   à System.Reflection.RuntimeModule.GetTypes()
   à System.Reflection.Assembly.GetTypes()
   à Microsoft.VisualStudio.TestTools.TestTypes.Unit.UnitTestExecuter.GetAssemblyInfo(Assembly assembly)
   à Microsoft.VisualStudio.TestTools.TestTypes.Unit.UnitTestExecuter.GetTypeInfo(Type type, Boolean checkAlreadyExaminedType)
   à Microsoft.VisualStudio.TestTools.TestTypes.Unit.UnitTestExecuter.GetTypeInfo(Type type)
   à Microsoft.VisualStudio.TestTools.TestTypes.Unit.UnitTestExecuter.ResolveMethods()
   à Microsoft.VisualStudio.TestTools.TestTypes.Unit.UnitTestExecuter.Initialize(UnitTestResult result, UnitTestRunner runner, ConsoleOutputRedirector redirector)
   à Microsoft.VisualStudio.TestTools.TestTypes.Unit.UnitTestRunner.Run(UnitTestElement test, ITestContext testContext, Boolean isLoadTest, Boolean useMultipleCpus)
E, 8384, 42, 2013/01/12, 19:28:55.895, EMMANUEL-PC\QTAgent32.exe, Unit Test Executor threw an exception. Most likely the test run was aborted by the user or the framework:System.Reflection.ReflectionTypeLoadException: Impossible de charger un ou plusieurs des types requis. Extrayez la propriété LoaderExceptions pour plus d'informations.
   à System.Reflection.RuntimeModule.GetTypes(RuntimeModule module)
   à System.Reflection.RuntimeModule.GetTypes()
   à System.Reflection.Assembly.GetTypes()
   à Microsoft.VisualStudio.TestTools.TestTypes.Unit.UnitTestExecuter.GetAssemblyInfo(Assembly assembly)
   à Microsoft.VisualStudio.TestTools.TestTypes.Unit.UnitTestExecuter.GetTypeInfo(Type type, Boolean checkAlreadyExaminedType)
   à Microsoft.VisualStudio.TestTools.TestTypes.Unit.UnitTestExecuter.GetTypeInfo(Type type)
   à Microsoft.VisualStudio.TestTools.TestTypes.Unit.UnitTestExecuter.ResolveMethods()
   à Microsoft.VisualStudio.TestTools.TestTypes.Unit.UnitTestExecuter.Initialize(UnitTestResult result, UnitTestRunner runner, ConsoleOutputRedirector redirector)
E, 8384, 42, 2013/01/12, 19:28:55.898, EMMANUEL-PC\QTAgent32.exe, Unit Test Adapter threw exception: System.Reflection.ReflectionTypeLoadException: Impossible de charger un ou plusieurs des types requis. Extrayez la propriété LoaderExceptions pour plus d'informations.
   à System.Reflection.RuntimeModule.GetTypes(RuntimeModule module)
   à System.Reflection.RuntimeModule.GetTypes()
   à System.Reflection.Assembly.GetTypes()
   à Microsoft.VisualStudio.TestTools.TestTypes.Unit.UnitTestExecuter.GetAssemblyInfo(Assembly assembly)
   à Microsoft.VisualStudio.TestTools.TestTypes.Unit.UnitTestExecuter.GetTypeInfo(Type type, Boolean checkAlreadyExaminedType)
   à Microsoft.VisualStudio.TestTools.TestTypes.Unit.UnitTestExecuter.GetTypeInfo(Type type)
   à Microsoft.VisualStudio.TestTools.TestTypes.Unit.UnitTestExecuter.ResolveMethods()
   à Microsoft.VisualStudio.TestTools.TestTypes.Unit.UnitTestExecuter.Initialize(UnitTestResult result, UnitTestRunner runner, ConsoleOutputRedirector redirector)
   à Microsoft.VisualStudio.TestTools.TestTypes.Unit.UnitTestRunner.Run(UnitTestElement test, ITestContext testContext, Boolean isLoadTest, Boolean useMultipleCpus)
E, 8384, 44, 2013/01/12, 19:28:55.912, EMMANUEL-PC\QTAgent32.exe, Unit Test Executor threw an exception. Most likely the test run was aborted by the user or the framework:System.Reflection.ReflectionTypeLoadException: Impossible de charger un ou plusieurs des types requis. Extrayez la propriété LoaderExceptions pour plus d'informations.
   à System.Reflection.RuntimeModule.GetTypes(RuntimeModule module)
   à System.Reflection.RuntimeModule.GetTypes()
   à System.Reflection.Assembly.GetTypes()
   à Microsoft.VisualStudio.TestTools.TestTypes.Unit.UnitTestExecuter.GetAssemblyInfo(Assembly assembly)
   à Microsoft.VisualStudio.TestTools.TestTypes.Unit.UnitTestExecuter.GetTypeInfo(Type type, Boolean checkAlreadyExaminedType)
   à Microsoft.VisualStudio.TestTools.TestTypes.Unit.UnitTestExecuter.GetTypeInfo(Type type)
   à Microsoft.VisualStudio.TestTools.TestTypes.Unit.UnitTestExecuter.ResolveMethods()
   à Microsoft.VisualStudio.TestTools.TestTypes.Unit.UnitTestExecuter.Initialize(UnitTestResult result, UnitTestRunner runner, ConsoleOutputRedirector redirector)
E, 8384, 44, 2013/01/12, 19:28:55.915, EMMANUEL-PC\QTAgent32.exe, Unit Test Adapter threw exception: System.Reflection.ReflectionTypeLoadException: Impossible de charger un ou plusieurs des types requis. Extrayez la propriété LoaderExceptions pour plus d'informations.
   à System.Reflection.RuntimeModule.GetTypes(RuntimeModule module)
   à System.Reflection.RuntimeModule.GetTypes()
   à System.Reflection.Assembly.GetTypes()
   à Microsoft.VisualStudio.TestTools.TestTypes.Unit.UnitTestExecuter.GetAssemblyInfo(Assembly assembly)
   à Microsoft.VisualStudio.TestTools.TestTypes.Unit.UnitTestExecuter.GetTypeInfo(Type type, Boolean checkAlreadyExaminedType)
   à Microsoft.VisualStudio.TestTools.TestTypes.Unit.UnitTestExecuter.GetTypeInfo(Type type)
   à Microsoft.VisualStudio.TestTools.TestTypes.Unit.UnitTestExecuter.ResolveMethods()
   à Microsoft.VisualStudio.TestTools.TestTypes.Unit.UnitTestExecuter.Initialize(UnitTestResult result, UnitTestRunner runner, ConsoleOutputRedirector redirector)
   à Microsoft.VisualStudio.TestTools.TestTypes.Unit.UnitTestRunner.Run(UnitTestElement test, ITestContext testContext, Boolean isLoadTest, Boolean useMultipleCpus)
E, 8384, 46, 2013/01/12, 19:28:55.929, EMMANUEL-PC\QTAgent32.exe, Unit Test Executor threw an exception. Most likely the test run was aborted by the user or the framework:System.Reflection.ReflectionTypeLoadException: Impossible de charger un ou plusieurs des types requis. Extrayez la propriété LoaderExceptions pour plus d'informations.
   à System.Reflection.RuntimeModule.GetTypes(RuntimeModule module)
   à System.Reflection.RuntimeModule.GetTypes()
   à System.Reflection.Assembly.GetTypes()
   à Microsoft.VisualStudio.TestTools.TestTypes.Unit.UnitTestExecuter.GetAssemblyInfo(Assembly assembly)
   à Microsoft.VisualStudio.TestTools.TestTypes.Unit.UnitTestExecuter.GetTypeInfo(Type type, Boolean checkAlreadyExaminedType)
   à Microsoft.VisualStudio.TestTools.TestTypes.Unit.UnitTestExecuter.GetTypeInfo(Type type)
   à Microsoft.VisualStudio.TestTools.TestTypes.Unit.UnitTestExecuter.ResolveMethods()
   à Microsoft.VisualStudio.TestTools.TestTypes.Unit.UnitTestExecuter.Initialize(UnitTestResult result, UnitTestRunner runner, ConsoleOutputRedirector redirector)
E, 8384, 46, 2013/01/12, 19:28:55.932, EMMANUEL-PC\QTAgent32.exe, Unit Test Adapter threw exception: System.Reflection.ReflectionTypeLoadException: Impossible de charger un ou plusieurs des types requis. Extrayez la propriété LoaderExceptions pour plus d'informations.
   à System.Reflection.RuntimeModule.GetTypes(RuntimeModule module)
   à System.Reflection.RuntimeModule.GetTypes()
   à System.Reflection.Assembly.GetTypes()
   à Microsoft.VisualStudio.TestTools.TestTypes.Unit.UnitTestExecuter.GetAssemblyInfo(Assembly assembly)
   à Microsoft.VisualStudio.TestTools.TestTypes.Unit.UnitTestExecuter.GetTypeInfo(Type type, Boolean checkAlreadyExaminedType)
   à Microsoft.VisualStudio.TestTools.TestTypes.Unit.UnitTestExecuter.GetTypeInfo(Type type)
   à Microsoft.VisualStudio.TestTools.TestTypes.Unit.UnitTestExecuter.ResolveMethods()
   à Microsoft.VisualStudio.TestTools.TestTypes.Unit.UnitTestExecuter.Initialize(UnitTestResult result, UnitTestRunner runner, ConsoleOutputRedirector redirector)
   à Microsoft.VisualStudio.TestTools.TestTypes.Unit.UnitTestRunner.Run(UnitTestElement test, ITestContext testContext, Boolean isLoadTest, Boolean useMultipleCpus)
E, 8384, 48, 2013/01/12, 19:28:55.945, EMMANUEL-PC\QTAgent32.exe, Unit Test Executor threw an exception. Most likely the test run was aborted by the user or the framework:System.Reflection.ReflectionTypeLoadException: Impossible de charger un ou plusieurs des types requis. Extrayez la propriété LoaderExceptions pour plus d'informations.
   à System.Reflection.RuntimeModule.GetTypes(RuntimeModule module)
   à System.Reflection.RuntimeModule.GetTypes()
   à System.Reflection.Assembly.GetTypes()
   à Microsoft.VisualStudio.TestTools.TestTypes.Unit.UnitTestExecuter.GetAssemblyInfo(Assembly assembly)
   à Microsoft.VisualStudio.TestTools.TestTypes.Unit.UnitTestExecuter.GetTypeInfo(Type type, Boolean checkAlreadyExaminedType)
   à Microsoft.VisualStudio.TestTools.TestTypes.Unit.UnitTestExecuter.GetTypeInfo(Type type)
   à Microsoft.VisualStudio.TestTools.TestTypes.Unit.UnitTestExecuter.ResolveMethods()
   à Microsoft.VisualStudio.TestTools.TestTypes.Unit.UnitTestExecuter.Initialize(UnitTestResult result, UnitTestRunner runner, ConsoleOutputRedirector redirector)
E, 8384, 48, 2013/01/12, 19:28:55.948, EMMANUEL-PC\QTAgent32.exe, Unit Test Adapter threw exception: System.Reflection.ReflectionTypeLoadException: Impossible de charger un ou plusieurs des types requis. Extrayez la propriété LoaderExceptions pour plus d'informations.
   à System.Reflection.RuntimeModule.GetTypes(RuntimeModule module)
   à System.Reflection.RuntimeModule.GetTypes()
   à System.Reflection.Assembly.GetTypes()
   à Microsoft.VisualStudio.TestTools.TestTypes.Unit.UnitTestExecuter.GetAssemblyInfo(Assembly assembly)
   à Microsoft.VisualStudio.TestTools.TestTypes.Unit.UnitTestExecuter.GetTypeInfo(Type type, Boolean checkAlreadyExaminedType)
   à Microsoft.VisualStudio.TestTools.TestTypes.Unit.UnitTestExecuter.GetTypeInfo(Type type)
   à Microsoft.VisualStudio.TestTools.TestTypes.Unit.UnitTestExecuter.ResolveMethods()
   à Microsoft.VisualStudio.TestTools.TestTypes.Unit.UnitTestExecuter.Initialize(UnitTestResult result, UnitTestRunner runner, ConsoleOutputRedirector redirector)
   à Microsoft.VisualStudio.TestTools.TestTypes.Unit.UnitTestRunner.Run(UnitTestElement test, ITestContext testContext, Boolean isLoadTest, Boolean useMultipleCpus)
</DebugTrace>
    </Output>
    <RunInfos>
      <RunInfo computerName="EMMANUEL-PC" outcome="Warning" timestamp="2013-01-12T19:28:53.1013231+01:00">
        <Text>Avertissement : conflit lors du déploiement de la série de tests : élément de déploiement 'c:\users\emmanuel\desktop\siabd\projet\projetsiabd\projetsiabd.tests\bin\debug\projetSIABD.dll' référencé directement ou indirectement par le conteneur de test 'c:\users\emmanuel\desktop\siabd\projet\projetsiabd\projetsiabd.tests\bin\debug\projetsiabd.tests.dll' ne peut pas être déployé sur 'projetSIABD.dll' sans quoi le fichier 'c:\users\emmanuel\desktop\siabd\projet\projetsiabd\projetsiabd.tests\bin\debug\projetSIABD.dll' remplacerait élément de déploiement 'C:\Users\Emmanuel\Desktop\siabd\projet\projetSIABD\projetSIABD\bin\projetSIABD.dll' référencé directement ou indirectement par C:\Users\Emmanuel\Desktop\siabd\projet\projetSIABD\projetSIABD.Tests\bin\Debug\projetSIABD.Tests.dll.</Text>
      </RunInfo>
    </RunInfos>
  </ResultSummary>
  <TestDefinitions>
    <UnitTest name="Register_Post_ReturnsViewIfModelStateIsInvalid" storage="c:\users\emmanuel\desktop\siabd\projet\projetsiabd\projetsiabd.tests\bin\debug\projetsiabd.tests.dll" id="b0e15bb5-66eb-1e24-6ae3-55f2dc425e75">
      <Execution id="e88d0125-d798-4041-8501-3632fad2558b" />
      <TestMethod codeBase="C:/Users/Emmanuel/Desktop/siabd/projet/projetSIABD/projetSIABD.Tests/bin/Debug/projetSIABD.Tests.DLL" adapterTypeName="Microsoft.VisualStudio.TestTools.TestTypes.Unit.UnitTestAdapter, Microsoft.VisualStudio.QualityTools.Tips.UnitTest.Adapter, Version=10.0.0.0, Culture=neutral, PublicKeyToken=b03f5f7f11d50a3a" className="projetSIABD.Tests.Controllers.AccountControllerTest, projetSIABD.Tests, Version=1.0.0.0, Culture=neutral, PublicKeyToken=null" name="Register_Post_ReturnsViewIfModelStateIsInvalid" />
    </UnitTest>
    <UnitTest name="Register_Get_ReturnsView" storage="c:\users\emmanuel\desktop\siabd\projet\projetsiabd\projetsiabd.tests\bin\debug\projetsiabd.tests.dll" id="a41d7477-b448-cf21-9d1b-32930fd14623">
      <Execution id="dfe495fd-e196-49e3-9c3f-bd19ef456bae" />
      <TestMethod codeBase="C:/Users/Emmanuel/Desktop/siabd/projet/projetSIABD/projetSIABD.Tests/bin/Debug/projetSIABD.Tests.DLL" adapterTypeName="Microsoft.VisualStudio.TestTools.TestTypes.Unit.UnitTestAdapter, Microsoft.VisualStudio.QualityTools.Tips.UnitTest.Adapter, Version=10.0.0.0, Culture=neutral, PublicKeyToken=b03f5f7f11d50a3a" className="projetSIABD.Tests.Controllers.AccountControllerTest, projetSIABD.Tests, Version=1.0.0.0, Culture=neutral, PublicKeyToken=null" name="Register_Get_ReturnsView" />
    </UnitTest>
    <UnitTest name="ChangePassword_Post_ReturnsViewIfModelStateIsInvalid" storage="c:\users\emmanuel\desktop\siabd\projet\projetsiabd\projetsiabd.tests\bin\debug\projetsiabd.tests.dll" id="9ad0fbbf-2966-36c0-0bae-d70e8c8655e6">
      <Execution id="b0a9bff0-71ab-41fa-aee3-7fb47fdea87e" />
      <TestMethod codeBase="C:/Users/Emmanuel/Desktop/siabd/projet/projetSIABD/projetSIABD.Tests/bin/Debug/projetSIABD.Tests.DLL" adapterTypeName="Microsoft.VisualStudio.TestTools.TestTypes.Unit.UnitTestAdapter, Microsoft.VisualStudio.QualityTools.Tips.UnitTest.Adapter, Version=10.0.0.0, Culture=neutral, PublicKeyToken=b03f5f7f11d50a3a" className="projetSIABD.Tests.Controllers.AccountControllerTest, projetSIABD.Tests, Version=1.0.0.0, Culture=neutral, PublicKeyToken=null" name="ChangePassword_Post_ReturnsViewIfModelStateIsInvalid" />
    </UnitTest>
    <UnitTest name="Register_Post_ReturnsRedirectOnSuccess" storage="c:\users\emmanuel\desktop\siabd\projet\projetsiabd\projetsiabd.tests\bin\debug\projetsiabd.tests.dll" id="50136e7f-047e-2233-eda8-527ac172e89b">
      <Execution id="92eddb32-d95e-4e8c-bb2e-0cb01804e8b6" />
      <TestMethod codeBase="C:/Users/Emmanuel/Desktop/siabd/projet/projetSIABD/projetSIABD.Tests/bin/Debug/projetSIABD.Tests.DLL" adapterTypeName="Microsoft.VisualStudio.TestTools.TestTypes.Unit.UnitTestAdapter, Microsoft.VisualStudio.QualityTools.Tips.UnitTest.Adapter, Version=10.0.0.0, Culture=neutral, PublicKeyToken=b03f5f7f11d50a3a" className="projetSIABD.Tests.Controllers.AccountControllerTest, projetSIABD.Tests, Version=1.0.0.0, Culture=neutral, PublicKeyToken=null" name="Register_Post_ReturnsRedirectOnSuccess" />
    </UnitTest>
    <UnitTest name="LogOn_Get_ReturnsView" storage="c:\users\emmanuel\desktop\siabd\projet\projetsiabd\projetsiabd.tests\bin\debug\projetsiabd.tests.dll" id="5ee921fc-a044-8942-f86f-77749095dc40">
      <Execution id="092f1bbe-b816-4e35-ab4a-10fefed130f2" />
      <TestMethod codeBase="C:/Users/Emmanuel/Desktop/siabd/projet/projetSIABD/projetSIABD.Tests/bin/Debug/projetSIABD.Tests.DLL" adapterTypeName="Microsoft.VisualStudio.TestTools.TestTypes.Unit.UnitTestAdapter, Microsoft.VisualStudio.QualityTools.Tips.UnitTest.Adapter, Version=10.0.0.0, Culture=neutral, PublicKeyToken=b03f5f7f11d50a3a" className="projetSIABD.Tests.Controllers.AccountControllerTest, projetSIABD.Tests, Version=1.0.0.0, Culture=neutral, PublicKeyToken=null" name="LogOn_Get_ReturnsView" />
    </UnitTest>
    <UnitTest name="Index" storage="c:\users\emmanuel\desktop\siabd\projet\projetsiabd\projetsiabd.tests\bin\debug\projetsiabd.tests.dll" id="5dd20394-cfe9-ad1e-4792-410aa2308cfa">
      <Execution id="02da0c50-515f-40e9-a85f-7454a63cbeac" />
      <TestMethod codeBase="C:/Users/Emmanuel/Desktop/siabd/projet/projetSIABD/projetSIABD.Tests/bin/Debug/projetSIABD.Tests.DLL" adapterTypeName="Microsoft.VisualStudio.TestTools.TestTypes.Unit.UnitTestAdapter, Microsoft.VisualStudio.QualityTools.Tips.UnitTest.Adapter, Version=10.0.0.0, Culture=neutral, PublicKeyToken=b03f5f7f11d50a3a" className="projetSIABD.Tests.Controllers.HomeControllerTest, projetSIABD.Tests, Version=1.0.0.0, Culture=neutral, PublicKeyToken=null" name="Index" />
    </UnitTest>
    <UnitTest name="ChangePassword_Post_ReturnsRedirectOnSuccess" storage="c:\users\emmanuel\desktop\siabd\projet\projetsiabd\projetsiabd.tests\bin\debug\projetsiabd.tests.dll" id="336cb6a4-0825-a5b7-4a68-fc0aaa045ff4">
      <Execution id="666df0e5-68c8-425c-9db4-2dd9b23b60f0" />
      <TestMethod codeBase="C:/Users/Emmanuel/Desktop/siabd/projet/projetSIABD/projetSIABD.Tests/bin/Debug/projetSIABD.Tests.DLL" adapterTypeName="Microsoft.VisualStudio.TestTools.TestTypes.Unit.UnitTestAdapter, Microsoft.VisualStudio.QualityTools.Tips.UnitTest.Adapter, Version=10.0.0.0, Culture=neutral, PublicKeyToken=b03f5f7f11d50a3a" className="projetSIABD.Tests.Controllers.AccountControllerTest, projetSIABD.Tests, Version=1.0.0.0, Culture=neutral, PublicKeyToken=null" name="ChangePassword_Post_ReturnsRedirectOnSuccess" />
    </UnitTest>
    <UnitTest name="LogOn_Post_ReturnsViewIfValidateUserFails" storage="c:\users\emmanuel\desktop\siabd\projet\projetsiabd\projetsiabd.tests\bin\debug\projetsiabd.tests.dll" id="ac0f042e-ae9a-2786-6a9a-3630e0ca324a">
      <Execution id="d4b57cec-9b5b-44ac-a9d2-90c11ae41a2d" />
      <TestMethod codeBase="C:/Users/Emmanuel/Desktop/siabd/projet/projetSIABD/projetSIABD.Tests/bin/Debug/projetSIABD.Tests.DLL" adapterTypeName="Microsoft.VisualStudio.TestTools.TestTypes.Unit.UnitTestAdapter, Microsoft.VisualStudio.QualityTools.Tips.UnitTest.Adapter, Version=10.0.0.0, Culture=neutral, PublicKeyToken=b03f5f7f11d50a3a" className="projetSIABD.Tests.Controllers.AccountControllerTest, projetSIABD.Tests, Version=1.0.0.0, Culture=neutral, PublicKeyToken=null" name="LogOn_Post_ReturnsViewIfValidateUserFails" />
    </UnitTest>
    <UnitTest name="Register_Post_ReturnsViewIfRegistrationFails" storage="c:\users\emmanuel\desktop\siabd\projet\projetsiabd\projetsiabd.tests\bin\debug\projetsiabd.tests.dll" id="3d77df01-c586-fe40-f81d-e8a328cce2eb">
      <Execution id="498216b5-d76f-4824-ab96-f39fb4cfc5cf" />
      <TestMethod codeBase="C:/Users/Emmanuel/Desktop/siabd/projet/projetSIABD/projetSIABD.Tests/bin/Debug/projetSIABD.Tests.DLL" adapterTypeName="Microsoft.VisualStudio.TestTools.TestTypes.Unit.UnitTestAdapter, Microsoft.VisualStudio.QualityTools.Tips.UnitTest.Adapter, Version=10.0.0.0, Culture=neutral, PublicKeyToken=b03f5f7f11d50a3a" className="projetSIABD.Tests.Controllers.AccountControllerTest, projetSIABD.Tests, Version=1.0.0.0, Culture=neutral, PublicKeyToken=null" name="Register_Post_ReturnsViewIfRegistrationFails" />
    </UnitTest>
    <UnitTest name="LogOff_LogsOutAndRedirects" storage="c:\users\emmanuel\desktop\siabd\projet\projetsiabd\projetsiabd.tests\bin\debug\projetsiabd.tests.dll" id="0bd9dd26-3e93-03dc-8a0b-f43c075d2a6a">
      <Execution id="a712acfd-26f2-40fe-8a48-1f5b8ca93809" />
      <TestMethod codeBase="C:/Users/Emmanuel/Desktop/siabd/projet/projetSIABD/projetSIABD.Tests/bin/Debug/projetSIABD.Tests.DLL" adapterTypeName="Microsoft.VisualStudio.TestTools.TestTypes.Unit.UnitTestAdapter, Microsoft.VisualStudio.QualityTools.Tips.UnitTest.Adapter, Version=10.0.0.0, Culture=neutral, PublicKeyToken=b03f5f7f11d50a3a" className="projetSIABD.Tests.Controllers.AccountControllerTest, projetSIABD.Tests, Version=1.0.0.0, Culture=neutral, PublicKeyToken=null" name="LogOff_LogsOutAndRedirects" />
    </UnitTest>
    <UnitTest name="About" storage="c:\users\emmanuel\desktop\siabd\projet\projetsiabd\projetsiabd.tests\bin\debug\projetsiabd.tests.dll" id="175d46b5-0796-765b-5032-96984d333ae4">
      <Execution id="af3d6d5e-4bd1-4682-8466-68ca9d77efba" />
      <TestMethod codeBase="C:/Users/Emmanuel/Desktop/siabd/projet/projetSIABD/projetSIABD.Tests/bin/Debug/projetSIABD.Tests.DLL" adapterTypeName="Microsoft.VisualStudio.TestTools.TestTypes.Unit.UnitTestAdapter, Microsoft.VisualStudio.QualityTools.Tips.UnitTest.Adapter, Version=10.0.0.0, Culture=neutral, PublicKeyToken=b03f5f7f11d50a3a" className="projetSIABD.Tests.Controllers.HomeControllerTest, projetSIABD.Tests, Version=1.0.0.0, Culture=neutral, PublicKeyToken=null" name="About" />
    </UnitTest>
    <UnitTest name="ChangePasswordSuccess_ReturnsView" storage="c:\users\emmanuel\desktop\siabd\projet\projetsiabd\projetsiabd.tests\bin\debug\projetsiabd.tests.dll" id="c3807333-c314-95de-3881-b87e1f746813">
      <Execution id="87aeba59-c02d-48c5-9b99-0a0921130f66" />
      <TestMethod codeBase="C:/Users/Emmanuel/Desktop/siabd/projet/projetSIABD/projetSIABD.Tests/bin/Debug/projetSIABD.Tests.DLL" adapterTypeName="Microsoft.VisualStudio.TestTools.TestTypes.Unit.UnitTestAdapter, Microsoft.VisualStudio.QualityTools.Tips.UnitTest.Adapter, Version=10.0.0.0, Culture=neutral, PublicKeyToken=b03f5f7f11d50a3a" className="projetSIABD.Tests.Controllers.AccountControllerTest, projetSIABD.Tests, Version=1.0.0.0, Culture=neutral, PublicKeyToken=null" name="ChangePasswordSuccess_ReturnsView" />
    </UnitTest>
    <UnitTest name="ChangePassword_Get_ReturnsView" storage="c:\users\emmanuel\desktop\siabd\projet\projetsiabd\projetsiabd.tests\bin\debug\projetsiabd.tests.dll" id="5ba04fc7-1450-1b69-1318-c8c65d226fb5">
      <Execution id="534891eb-3d6a-4b3f-9f9e-28eb4dce57ea" />
      <TestMethod codeBase="C:/Users/Emmanuel/Desktop/siabd/projet/projetSIABD/projetSIABD.Tests/bin/Debug/projetSIABD.Tests.DLL" adapterTypeName="Microsoft.VisualStudio.TestTools.TestTypes.Unit.UnitTestAdapter, Microsoft.VisualStudio.QualityTools.Tips.UnitTest.Adapter, Version=10.0.0.0, Culture=neutral, PublicKeyToken=b03f5f7f11d50a3a" className="projetSIABD.Tests.Controllers.AccountControllerTest, projetSIABD.Tests, Version=1.0.0.0, Culture=neutral, PublicKeyToken=null" name="ChangePassword_Get_ReturnsView" />
    </UnitTest>
    <UnitTest name="ChangePassword_Post_ReturnsViewIfChangePasswordFails" storage="c:\users\emmanuel\desktop\siabd\projet\projetsiabd\projetsiabd.tests\bin\debug\projetsiabd.tests.dll" id="3222c9d7-01ab-b77a-f609-93c94ea34946">
      <Execution id="c0f0c956-0c3f-4a6e-894a-57114f43fd0d" />
      <TestMethod codeBase="C:/Users/Emmanuel/Desktop/siabd/projet/projetSIABD/projetSIABD.Tests/bin/Debug/projetSIABD.Tests.DLL" adapterTypeName="Microsoft.VisualStudio.TestTools.TestTypes.Unit.UnitTestAdapter, Microsoft.VisualStudio.QualityTools.Tips.UnitTest.Adapter, Version=10.0.0.0, Culture=neutral, PublicKeyToken=b03f5f7f11d50a3a" className="projetSIABD.Tests.Controllers.AccountControllerTest, projetSIABD.Tests, Version=1.0.0.0, Culture=neutral, PublicKeyToken=null" name="ChangePassword_Post_ReturnsViewIfChangePasswordFails" />
    </UnitTest>
    <UnitTest name="LogOn_Post_ReturnsRedirectOnSuccess_WithReturnUrl" storage="c:\users\emmanuel\desktop\siabd\projet\projetsiabd\projetsiabd.tests\bin\debug\projetsiabd.tests.dll" id="4fa759ec-98e7-c948-1855-d039d31c55de">
      <Execution id="3835e972-ee56-48ae-98b2-ecbfe5be6bf5" />
      <TestMethod codeBase="C:/Users/Emmanuel/Desktop/siabd/projet/projetSIABD/projetSIABD.Tests/bin/Debug/projetSIABD.Tests.DLL" adapterTypeName="Microsoft.VisualStudio.TestTools.TestTypes.Unit.UnitTestAdapter, Microsoft.VisualStudio.QualityTools.Tips.UnitTest.Adapter, Version=10.0.0.0, Culture=neutral, PublicKeyToken=b03f5f7f11d50a3a" className="projetSIABD.Tests.Controllers.AccountControllerTest, projetSIABD.Tests, Version=1.0.0.0, Culture=neutral, PublicKeyToken=null" name="LogOn_Post_ReturnsRedirectOnSuccess_WithReturnUrl" />
    </UnitTest>
    <UnitTest name="LogOn_Post_ReturnsViewIfModelStateIsInvalid" storage="c:\users\emmanuel\desktop\siabd\projet\projetsiabd\projetsiabd.tests\bin\debug\projetsiabd.tests.dll" id="417dc34d-b47d-345c-6ce8-4fad596356b2">
      <Execution id="b4cfa8ca-2deb-4520-bebe-dc88a90050e1" />
      <TestMethod codeBase="C:/Users/Emmanuel/Desktop/siabd/projet/projetSIABD/projetSIABD.Tests/bin/Debug/projetSIABD.Tests.DLL" adapterTypeName="Microsoft.VisualStudio.TestTools.TestTypes.Unit.UnitTestAdapter, Microsoft.VisualStudio.QualityTools.Tips.UnitTest.Adapter, Version=10.0.0.0, Culture=neutral, PublicKeyToken=b03f5f7f11d50a3a" className="projetSIABD.Tests.Controllers.AccountControllerTest, projetSIABD.Tests, Version=1.0.0.0, Culture=neutral, PublicKeyToken=null" name="LogOn_Post_ReturnsViewIfModelStateIsInvalid" />
    </UnitTest>
    <UnitTest name="LogOn_Post_ReturnsRedirectOnSuccess_WithoutReturnUrl" storage="c:\users\emmanuel\desktop\siabd\projet\projetsiabd\projetsiabd.tests\bin\debug\projetsiabd.tests.dll" id="b62c31e1-1c69-bc90-7826-1f029851c6d0">
      <Execution id="1bdca750-69b2-4c68-b34d-020814be4c2c" />
      <TestMethod codeBase="C:/Users/Emmanuel/Desktop/siabd/projet/projetSIABD/projetSIABD.Tests/bin/Debug/projetSIABD.Tests.DLL" adapterTypeName="Microsoft.VisualStudio.TestTools.TestTypes.Unit.UnitTestAdapter, Microsoft.VisualStudio.QualityTools.Tips.UnitTest.Adapter, Version=10.0.0.0, Culture=neutral, PublicKeyToken=b03f5f7f11d50a3a" className="projetSIABD.Tests.Controllers.AccountControllerTest, projetSIABD.Tests, Version=1.0.0.0, Culture=neutral, PublicKeyToken=null" name="LogOn_Post_ReturnsRedirectOnSuccess_WithoutReturnUrl" />
    </UnitTest>
  </TestDefinitions>
  <TestLists>
    <TestList name="Les résultats ne figurent pas dans une liste" id="8c84fa94-04c1-424b-9868-57a2d4851a1d" />
    <TestList name="Tous les résultats chargés" id="19431567-8539-422a-85d7-44ee4e166bda" />
  </TestLists>
  <TestEntries>
    <TestEntry testId="5dd20394-cfe9-ad1e-4792-410aa2308cfa" executionId="02da0c50-515f-40e9-a85f-7454a63cbeac" testListId="8c84fa94-04c1-424b-9868-57a2d4851a1d" />
    <TestEntry testId="175d46b5-0796-765b-5032-96984d333ae4" executionId="af3d6d5e-4bd1-4682-8466-68ca9d77efba" testListId="8c84fa94-04c1-424b-9868-57a2d4851a1d" />
    <TestEntry testId="5ba04fc7-1450-1b69-1318-c8c65d226fb5" executionId="534891eb-3d6a-4b3f-9f9e-28eb4dce57ea" testListId="8c84fa94-04c1-424b-9868-57a2d4851a1d" />
    <TestEntry testId="336cb6a4-0825-a5b7-4a68-fc0aaa045ff4" executionId="666df0e5-68c8-425c-9db4-2dd9b23b60f0" testListId="8c84fa94-04c1-424b-9868-57a2d4851a1d" />
    <TestEntry testId="3222c9d7-01ab-b77a-f609-93c94ea34946" executionId="c0f0c956-0c3f-4a6e-894a-57114f43fd0d" testListId="8c84fa94-04c1-424b-9868-57a2d4851a1d" />
    <TestEntry testId="9ad0fbbf-2966-36c0-0bae-d70e8c8655e6" executionId="b0a9bff0-71ab-41fa-aee3-7fb47fdea87e" testListId="8c84fa94-04c1-424b-9868-57a2d4851a1d" />
    <TestEntry testId="c3807333-c314-95de-3881-b87e1f746813" executionId="87aeba59-c02d-48c5-9b99-0a0921130f66" testListId="8c84fa94-04c1-424b-9868-57a2d4851a1d" />
    <TestEntry testId="0bd9dd26-3e93-03dc-8a0b-f43c075d2a6a" executionId="a712acfd-26f2-40fe-8a48-1f5b8ca93809" testListId="8c84fa94-04c1-424b-9868-57a2d4851a1d" />
    <TestEntry testId="5ee921fc-a044-8942-f86f-77749095dc40" executionId="092f1bbe-b816-4e35-ab4a-10fefed130f2" testListId="8c84fa94-04c1-424b-9868-57a2d4851a1d" />
    <TestEntry testId="b62c31e1-1c69-bc90-7826-1f029851c6d0" executionId="1bdca750-69b2-4c68-b34d-020814be4c2c" testListId="8c84fa94-04c1-424b-9868-57a2d4851a1d" />
    <TestEntry testId="4fa759ec-98e7-c948-1855-d039d31c55de" executionId="3835e972-ee56-48ae-98b2-ecbfe5be6bf5" testListId="8c84fa94-04c1-424b-9868-57a2d4851a1d" />
    <TestEntry testId="417dc34d-b47d-345c-6ce8-4fad596356b2" executionId="b4cfa8ca-2deb-4520-bebe-dc88a90050e1" testListId="8c84fa94-04c1-424b-9868-57a2d4851a1d" />
    <TestEntry testId="ac0f042e-ae9a-2786-6a9a-3630e0ca324a" executionId="d4b57cec-9b5b-44ac-a9d2-90c11ae41a2d" testListId="8c84fa94-04c1-424b-9868-57a2d4851a1d" />
    <TestEntry testId="a41d7477-b448-cf21-9d1b-32930fd14623" executionId="dfe495fd-e196-49e3-9c3f-bd19ef456bae" testListId="8c84fa94-04c1-424b-9868-57a2d4851a1d" />
    <TestEntry testId="50136e7f-047e-2233-eda8-527ac172e89b" executionId="92eddb32-d95e-4e8c-bb2e-0cb01804e8b6" testListId="8c84fa94-04c1-424b-9868-57a2d4851a1d" />
    <TestEntry testId="3d77df01-c586-fe40-f81d-e8a328cce2eb" executionId="498216b5-d76f-4824-ab96-f39fb4cfc5cf" testListId="8c84fa94-04c1-424b-9868-57a2d4851a1d" />
    <TestEntry testId="b0e15bb5-66eb-1e24-6ae3-55f2dc425e75" executionId="e88d0125-d798-4041-8501-3632fad2558b" testListId="8c84fa94-04c1-424b-9868-57a2d4851a1d" />
  </TestEntries>
  <Results>
    <UnitTestResult executionId="02da0c50-515f-40e9-a85f-7454a63cbeac" testId="5dd20394-cfe9-ad1e-4792-410aa2308cfa" testName="Index" computerName="EMMANUEL-PC" startTime="2013-01-12T19:28:54.3553948+01:00" endTime="2013-01-12T19:28:55.6424684+01:00" testType="13cdc9d9-ddb5-4fa4-a97d-d965ccfc6d4b" outcome="Failed" testListId="8c84fa94-04c1-424b-9868-57a2d4851a1d" relativeResultsDirectory="02da0c50-515f-40e9-a85f-7454a63cbeac">
      <Output>
        <ErrorInfo>
          <Message>L'adaptateur de test unitaire a levé une exception : 
Impossible de charger un ou plusieurs des types requis. Extrayez la propriété LoaderExceptions pour plus d'informations..</Message>
        </ErrorInfo>
      </Output>
    </UnitTestResult>
    <UnitTestResult executionId="af3d6d5e-4bd1-4682-8466-68ca9d77efba" testId="175d46b5-0796-765b-5032-96984d333ae4" testName="About" computerName="EMMANUEL-PC" startTime="2013-01-12T19:28:55.6494688+01:00" endTime="2013-01-12T19:28:55.6794705+01:00" testType="13cdc9d9-ddb5-4fa4-a97d-d965ccfc6d4b" outcome="Failed" testListId="8c84fa94-04c1-424b-9868-57a2d4851a1d" relativeResultsDirectory="af3d6d5e-4bd1-4682-8466-68ca9d77efba">
      <Output>
        <ErrorInfo>
          <Message>L'adaptateur de test unitaire a levé une exception : 
Impossible de charger un ou plusieurs des types requis. Extrayez la propriété LoaderExceptions pour plus d'informations..</Message>
        </ErrorInfo>
      </Output>
    </UnitTestResult>
    <UnitTestResult executionId="534891eb-3d6a-4b3f-9f9e-28eb4dce57ea" testId="5ba04fc7-1450-1b69-1318-c8c65d226fb5" testName="ChangePassword_Get_ReturnsView" computerName="EMMANUEL-PC" startTime="2013-01-12T19:28:55.6824707+01:00" endTime="2013-01-12T19:28:55.6954715+01:00" testType="13cdc9d9-ddb5-4fa4-a97d-d965ccfc6d4b" outcome="Failed" testListId="8c84fa94-04c1-424b-9868-57a2d4851a1d" relativeResultsDirectory="534891eb-3d6a-4b3f-9f9e-28eb4dce57ea">
      <Output>
        <ErrorInfo>
          <Message>L'adaptateur de test unitaire a levé une exception : 
Impossible de charger un ou plusieurs des types requis. Extrayez la propriété LoaderExceptions pour plus d'informations..</Message>
        </ErrorInfo>
      </Output>
    </UnitTestResult>
    <UnitTestResult executionId="666df0e5-68c8-425c-9db4-2dd9b23b60f0" testId="336cb6a4-0825-a5b7-4a68-fc0aaa045ff4" testName="ChangePassword_Post_ReturnsRedirectOnSuccess" computerName="EMMANUEL-PC" startTime="2013-01-12T19:28:55.7024719+01:00" endTime="2013-01-12T19:28:55.7164727+01:00" testType="13cdc9d9-ddb5-4fa4-a97d-d965ccfc6d4b" outcome="Failed" testListId="8c84fa94-04c1-424b-9868-57a2d4851a1d" relativeResultsDirectory="666df0e5-68c8-425c-9db4-2dd9b23b60f0">
      <Output>
        <ErrorInfo>
          <Message>L'adaptateur de test unitaire a levé une exception : 
Impossible de charger un ou plusieurs des types requis. Extrayez la propriété LoaderExceptions pour plus d'informations..</Message>
        </ErrorInfo>
      </Output>
    </UnitTestResult>
    <UnitTestResult executionId="c0f0c956-0c3f-4a6e-894a-57114f43fd0d" testId="3222c9d7-01ab-b77a-f609-93c94ea34946" testName="ChangePassword_Post_ReturnsViewIfChangePasswordFails" computerName="EMMANUEL-PC" startTime="2013-01-12T19:28:55.7194728+01:00" endTime="2013-01-12T19:28:55.7324736+01:00" testType="13cdc9d9-ddb5-4fa4-a97d-d965ccfc6d4b" outcome="Failed" testListId="8c84fa94-04c1-424b-9868-57a2d4851a1d" relativeResultsDirectory="c0f0c956-0c3f-4a6e-894a-57114f43fd0d">
      <Output>
        <ErrorInfo>
          <Message>L'adaptateur de test unitaire a levé une exception : 
Impossible de charger un ou plusieurs des types requis. Extrayez la propriété LoaderExceptions pour plus d'informations..</Message>
        </ErrorInfo>
      </Output>
    </UnitTestResult>
    <UnitTestResult executionId="b0a9bff0-71ab-41fa-aee3-7fb47fdea87e" testId="9ad0fbbf-2966-36c0-0bae-d70e8c8655e6" testName="ChangePassword_Post_ReturnsViewIfModelStateIsInvalid" computerName="EMMANUEL-PC" startTime="2013-01-12T19:28:55.7354737+01:00" endTime="2013-01-12T19:28:55.7494745+01:00" testType="13cdc9d9-ddb5-4fa4-a97d-d965ccfc6d4b" outcome="Failed" testListId="8c84fa94-04c1-424b-9868-57a2d4851a1d" relativeResultsDirectory="b0a9bff0-71ab-41fa-aee3-7fb47fdea87e">
      <Output>
        <ErrorInfo>
          <Message>L'adaptateur de test unitaire a levé une exception : 
Impossible de charger un ou plusieurs des types requis. Extrayez la propriété LoaderExceptions pour plus d'informations..</Message>
        </ErrorInfo>
      </Output>
    </UnitTestResult>
    <UnitTestResult executionId="87aeba59-c02d-48c5-9b99-0a0921130f66" testId="c3807333-c314-95de-3881-b87e1f746813" testName="ChangePasswordSuccess_ReturnsView" computerName="EMMANUEL-PC" startTime="2013-01-12T19:28:55.7524747+01:00" endTime="2013-01-12T19:28:55.7664755+01:00" testType="13cdc9d9-ddb5-4fa4-a97d-d965ccfc6d4b" outcome="Failed" testListId="8c84fa94-04c1-424b-9868-57a2d4851a1d" relativeResultsDirectory="87aeba59-c02d-48c5-9b99-0a0921130f66">
      <Output>
        <ErrorInfo>
          <Message>L'adaptateur de test unitaire a levé une exception : 
Impossible de charger un ou plusieurs des types requis. Extrayez la propriété LoaderExceptions pour plus d'informations..</Message>
        </ErrorInfo>
      </Output>
    </UnitTestResult>
    <UnitTestResult executionId="a712acfd-26f2-40fe-8a48-1f5b8ca93809" testId="0bd9dd26-3e93-03dc-8a0b-f43c075d2a6a" testName="LogOff_LogsOutAndRedirects" computerName="EMMANUEL-PC" startTime="2013-01-12T19:28:55.7694757+01:00" endTime="2013-01-12T19:28:55.7864767+01:00" testType="13cdc9d9-ddb5-4fa4-a97d-d965ccfc6d4b" outcome="Failed" testListId="8c84fa94-04c1-424b-9868-57a2d4851a1d" relativeResultsDirectory="a712acfd-26f2-40fe-8a48-1f5b8ca93809">
      <Output>
        <ErrorInfo>
          <Message>L'adaptateur de test unitaire a levé une exception : 
Impossible de charger un ou plusieurs des types requis. Extrayez la propriété LoaderExceptions pour plus d'informations..</Message>
        </ErrorInfo>
      </Output>
    </UnitTestResult>
    <UnitTestResult executionId="092f1bbe-b816-4e35-ab4a-10fefed130f2" testId="5ee921fc-a044-8942-f86f-77749095dc40" testName="LogOn_Get_ReturnsView" computerName="EMMANUEL-PC" startTime="2013-01-12T19:28:55.7914769+01:00" endTime="2013-01-12T19:28:55.8054777+01:00" testType="13cdc9d9-ddb5-4fa4-a97d-d965ccfc6d4b" outcome="Failed" testListId="8c84fa94-04c1-424b-9868-57a2d4851a1d" relativeResultsDirectory="092f1bbe-b816-4e35-ab4a-10fefed130f2">
      <Output>
        <ErrorInfo>
          <Message>L'adaptateur de test unitaire a levé une exception : 
Impossible de charger un ou plusieurs des types requis. Extrayez la propriété LoaderExceptions pour plus d'informations..</Message>
        </ErrorInfo>
      </Output>
    </UnitTestResult>
    <UnitTestResult executionId="1bdca750-69b2-4c68-b34d-020814be4c2c" testId="b62c31e1-1c69-bc90-7826-1f029851c6d0" testName="LogOn_Post_ReturnsRedirectOnSuccess_WithoutReturnUrl" computerName="EMMANUEL-PC" startTime="2013-01-12T19:28:55.8124781+01:00" endTime="2013-01-12T19:28:55.8284791+01:00" testType="13cdc9d9-ddb5-4fa4-a97d-d965ccfc6d4b" outcome="Failed" testListId="8c84fa94-04c1-424b-9868-57a2d4851a1d" relativeResultsDirectory="1bdca750-69b2-4c68-b34d-020814be4c2c">
      <Output>
        <ErrorInfo>
          <Message>L'adaptateur de test unitaire a levé une exception : 
Impossible de charger un ou plusieurs des types requis. Extrayez la propriété LoaderExceptions pour plus d'informations..</Message>
        </ErrorInfo>
      </Output>
    </UnitTestResult>
    <UnitTestResult executionId="3835e972-ee56-48ae-98b2-ecbfe5be6bf5" testId="4fa759ec-98e7-c948-1855-d039d31c55de" testName="LogOn_Post_ReturnsRedirectOnSuccess_WithReturnUrl" computerName="EMMANUEL-PC" startTime="2013-01-12T19:28:55.8314792+01:00" endTime="2013-01-12T19:28:55.8484802+01:00" testType="13cdc9d9-ddb5-4fa4-a97d-d965ccfc6d4b" outcome="Failed" testListId="8c84fa94-04c1-424b-9868-57a2d4851a1d" relativeResultsDirectory="3835e972-ee56-48ae-98b2-ecbfe5be6bf5">
      <Output>
        <ErrorInfo>
          <Message>L'adaptateur de test unitaire a levé une exception : 
Impossible de charger un ou plusieurs des types requis. Extrayez la propriété LoaderExceptions pour plus d'informations..</Message>
        </ErrorInfo>
      </Output>
    </UnitTestResult>
    <UnitTestResult executionId="b4cfa8ca-2deb-4520-bebe-dc88a90050e1" testId="417dc34d-b47d-345c-6ce8-4fad596356b2" testName="LogOn_Post_ReturnsViewIfModelStateIsInvalid" computerName="EMMANUEL-PC" startTime="2013-01-12T19:28:55.8524804+01:00" endTime="2013-01-12T19:28:55.8664812+01:00" testType="13cdc9d9-ddb5-4fa4-a97d-d965ccfc6d4b" outcome="Failed" testListId="8c84fa94-04c1-424b-9868-57a2d4851a1d" relativeResultsDirectory="b4cfa8ca-2deb-4520-bebe-dc88a90050e1">
      <Output>
        <ErrorInfo>
          <Message>L'adaptateur de test unitaire a levé une exception : 
Impossible de charger un ou plusieurs des types requis. Extrayez la propriété LoaderExceptions pour plus d'informations..</Message>
        </ErrorInfo>
      </Output>
    </UnitTestResult>
    <UnitTestResult executionId="d4b57cec-9b5b-44ac-a9d2-90c11ae41a2d" testId="ac0f042e-ae9a-2786-6a9a-3630e0ca324a" testName="LogOn_Post_ReturnsViewIfValidateUserFails" computerName="EMMANUEL-PC" startTime="2013-01-12T19:28:55.8694814+01:00" endTime="2013-01-12T19:28:55.8844823+01:00" testType="13cdc9d9-ddb5-4fa4-a97d-d965ccfc6d4b" outcome="Failed" testListId="8c84fa94-04c1-424b-9868-57a2d4851a1d" relativeResultsDirectory="d4b57cec-9b5b-44ac-a9d2-90c11ae41a2d">
      <Output>
        <ErrorInfo>
          <Message>L'adaptateur de test unitaire a levé une exception : 
Impossible de charger un ou plusieurs des types requis. Extrayez la propriété LoaderExceptions pour plus d'informations..</Message>
        </ErrorInfo>
      </Output>
    </UnitTestResult>
    <UnitTestResult executionId="dfe495fd-e196-49e3-9c3f-bd19ef456bae" testId="a41d7477-b448-cf21-9d1b-32930fd14623" testName="Register_Get_ReturnsView" computerName="EMMANUEL-PC" startTime="2013-01-12T19:28:55.8884825+01:00" endTime="2013-01-12T19:28:55.9034834+01:00" testType="13cdc9d9-ddb5-4fa4-a97d-d965ccfc6d4b" outcome="Failed" testListId="8c84fa94-04c1-424b-9868-57a2d4851a1d" relativeResultsDirectory="dfe495fd-e196-49e3-9c3f-bd19ef456bae">
      <Output>
        <ErrorInfo>
          <Message>L'adaptateur de test unitaire a levé une exception : 
Impossible de charger un ou plusieurs des types requis. Extrayez la propriété LoaderExceptions pour plus d'informations..</Message>
        </ErrorInfo>
      </Output>
    </UnitTestResult>
    <UnitTestResult executionId="92eddb32-d95e-4e8c-bb2e-0cb01804e8b6" testId="50136e7f-047e-2233-eda8-527ac172e89b" testName="Register_Post_ReturnsRedirectOnSuccess" computerName="EMMANUEL-PC" startTime="2013-01-12T19:28:55.9054835+01:00" endTime="2013-01-12T19:28:55.9194843+01:00" testType="13cdc9d9-ddb5-4fa4-a97d-d965ccfc6d4b" outcome="Failed" testListId="8c84fa94-04c1-424b-9868-57a2d4851a1d" relativeResultsDirectory="92eddb32-d95e-4e8c-bb2e-0cb01804e8b6">
      <Output>
        <ErrorInfo>
          <Message>L'adaptateur de test unitaire a levé une exception : 
Impossible de charger un ou plusieurs des types requis. Extrayez la propriété LoaderExceptions pour plus d'informations..</Message>
        </ErrorInfo>
      </Output>
    </UnitTestResult>
    <UnitTestResult executionId="498216b5-d76f-4824-ab96-f39fb4cfc5cf" testId="3d77df01-c586-fe40-f81d-e8a328cce2eb" testName="Register_Post_ReturnsViewIfRegistrationFails" computerName="EMMANUEL-PC" startTime="2013-01-12T19:28:55.9224844+01:00" endTime="2013-01-12T19:28:55.9364852+01:00" testType="13cdc9d9-ddb5-4fa4-a97d-d965ccfc6d4b" outcome="Failed" testListId="8c84fa94-04c1-424b-9868-57a2d4851a1d" relativeResultsDirectory="498216b5-d76f-4824-ab96-f39fb4cfc5cf">
      <Output>
        <ErrorInfo>
          <Message>L'adaptateur de test unitaire a levé une exception : 
Impossible de charger un ou plusieurs des types requis. Extrayez la propriété LoaderExceptions pour plus d'informations..</Message>
        </ErrorInfo>
      </Output>
    </UnitTestResult>
    <UnitTestResult executionId="e88d0125-d798-4041-8501-3632fad2558b" testId="b0e15bb5-66eb-1e24-6ae3-55f2dc425e75" testName="Register_Post_ReturnsViewIfModelStateIsInvalid" computerName="EMMANUEL-PC" startTime="2013-01-12T19:28:55.9394854+01:00" endTime="2013-01-12T19:28:55.9524862+01:00" testType="13cdc9d9-ddb5-4fa4-a97d-d965ccfc6d4b" outcome="Failed" testListId="8c84fa94-04c1-424b-9868-57a2d4851a1d" relativeResultsDirectory="e88d0125-d798-4041-8501-3632fad2558b">
      <Output>
        <ErrorInfo>
          <Message>L'adaptateur de test unitaire a levé une exception : 
Impossible de charger un ou plusieurs des types requis. Extrayez la propriété LoaderExceptions pour plus d'informations..</Message>
        </ErrorInfo>
      </Output>
    </UnitTestResult>
  </Results>
</TestRun>