<?xml version="1.0" encoding="UTF-8"?>
<TestRun id="05cdc4b4-4b81-4a58-8d9d-53b433c5e100" name="Emmanuel@EMMANUEL-PC 2013-01-12 19:29:11" runUser="Emmanuel-PC\Emmanuel" xmlns="http://microsoft.com/schemas/VisualStudio/TeamTest/2010">
  <TestSettings name="Paramètres de test par défaut" id="a6f180c6-e574-4bae-84b2-c54e1ecae6c0">
    <Deployment runDeploymentRoot="Emmanuel_EMMANUEL-PC 2013-01-12 19_29_11">
      <DeploymentItem filename="C:\Users\Emmanuel\Desktop\siabd\projet\projetSIABD\projetSIABD\bin\projetSIABD.dll" />
    </Deployment>
    <Execution>
      <TestTypeSpecific />
      <AgentRule name="Execution Agents">
      </AgentRule>
    </Execution>
  </TestSettings>
  <Times creation="2013-01-12T19:29:11.7413892+01:00" queuing="2013-01-12T19:29:12.5194337+01:00" start="2013-01-12T19:29:12.5794372+01:00" finish="2013-01-12T19:29:13.8185080+01:00" />
  <ResultSummary outcome="Failed">
    <Counters total="17" executed="17" error="0" failed="17" timeout="0" aborted="0" inconclusive="0" passedButRunAborted="0" notRunnable="0" notExecuted="0" disconnected="0" warning="0" passed="0" completed="0" inProgress="0" pending="0" />
    <Output>
      <DebugTrace>E, 8936, 13, 2013/01/12, 19:29:13.413, EMMANUEL-PC\QTAgent32.exe, Unit Test Executor threw an exception. Most likely the test run was aborted by the user or the framework:System.Reflection.ReflectionTypeLoadException: Impossible de charger un ou plusieurs des types requis. Extrayez la propriété LoaderExceptions pour plus d'informations.
   à System.Reflection.RuntimeModule.GetTypes(RuntimeModule module)
   à System.Reflection.RuntimeModule.GetTypes()
   à System.Reflection.Assembly.GetTypes()
   à Microsoft.VisualStudio.TestTools.TestTypes.Unit.UnitTestExecuter.GetAssemblyInfo(Assembly assembly)
   à Microsoft.VisualStudio.TestTools.TestTypes.Unit.UnitTestExecuter.GetTypeInfo(Type type, Boolean checkAlreadyExaminedType)
   à Microsoft.VisualStudio.TestTools.TestTypes.Unit.UnitTestExecuter.GetTypeInfo(Type type)
   à Microsoft.VisualStudio.TestTools.TestTypes.Unit.UnitTestExecuter.ResolveMethods()
   à Microsoft.VisualStudio.TestTools.TestTypes.Unit.UnitTestExecuter.Initialize(UnitTestResult result, UnitTestRunner runner, ConsoleOutputRedirector redirector)
E, 8936, 13, 2013/01/12, 19:29:13.419, EMMANUEL-PC\QTAgent32.exe, Unit Test Adapter threw exception: System.Reflection.ReflectionTypeLoadException: Impossible de charger un ou plusieurs des types requis. Extrayez la propriété LoaderExceptions pour plus d'informations.
   à System.Reflection.RuntimeModule.GetTypes(RuntimeModule module)
   à System.Reflection.RuntimeModule.GetTypes()
   à System.Reflection.Assembly.GetTypes()
   à Microsoft.VisualStudio.TestTools.TestTypes.Unit.UnitTestExecuter.GetAssemblyInfo(Assembly assembly)
   à Microsoft.VisualStudio.TestTools.TestTypes.Unit.UnitTestExecuter.GetTypeInfo(Type type, Boolean checkAlreadyExaminedType)
   à Microsoft.VisualStudio.TestTools.TestTypes.Unit.UnitTestExecuter.GetTypeInfo(Type type)
   à Microsoft.VisualStudio.TestTools.TestTypes.Unit.UnitTestExecuter.ResolveMethods()
   à Microsoft.VisualStudio.TestTools.TestTypes.Unit.UnitTestExecuter.Initialize(UnitTestResult result, UnitTestRunner runner, ConsoleOutputRedirector redirector)
   à Microsoft.VisualStudio.TestTools.TestTypes.Unit.UnitTestRunner.Run(UnitTestElement test, ITestContext testContext, Boolean isLoadTest, Boolean useMultipleCpus)
E, 8936, 18, 2013/01/12, 19:29:13.478, EMMANUEL-PC\QTAgent32.exe, Unit Test Executor threw an exception. Most likely the test run was aborted by the user or the framework:System.Reflection.ReflectionTypeLoadException: Impossible de charger un ou plusieurs des types requis. Extrayez la propriété LoaderExceptions pour plus d'informations.
   à System.Reflection.RuntimeModule.GetTypes(RuntimeModule module)
   à System.Reflection.RuntimeModule.GetTypes()
   à System.Reflection.Assembly.GetTypes()
   à Microsoft.VisualStudio.TestTools.TestTypes.Unit.UnitTestExecuter.GetAssemblyInfo(Assembly assembly)
   à Microsoft.VisualStudio.TestTools.TestTypes.Unit.UnitTestExecuter.GetTypeInfo(Type type, Boolean checkAlreadyExaminedType)
   à Microsoft.VisualStudio.TestTools.TestTypes.Unit.UnitTestExecuter.GetTypeInfo(Type type)
   à Microsoft.VisualStudio.TestTools.TestTypes.Unit.UnitTestExecuter.ResolveMethods()
   à Microsoft.VisualStudio.TestTools.TestTypes.Unit.UnitTestExecuter.Initialize(UnitTestResult result, UnitTestRunner runner, ConsoleOutputRedirector redirector)
E, 8936, 18, 2013/01/12, 19:29:13.481, EMMANUEL-PC\QTAgent32.exe, Unit Test Adapter threw exception: System.Reflection.ReflectionTypeLoadException: Impossible de charger un ou plusieurs des types requis. Extrayez la propriété LoaderExceptions pour plus d'informations.
   à System.Reflection.RuntimeModule.GetTypes(RuntimeModule module)
   à System.Reflection.RuntimeModule.GetTypes()
   à System.Reflection.Assembly.GetTypes()
   à Microsoft.VisualStudio.TestTools.TestTypes.Unit.UnitTestExecuter.GetAssemblyInfo(Assembly assembly)
   à Microsoft.VisualStudio.TestTools.TestTypes.Unit.UnitTestExecuter.GetTypeInfo(Type type, Boolean checkAlreadyExaminedType)
   à Microsoft.VisualStudio.TestTools.TestTypes.Unit.UnitTestExecuter.GetTypeInfo(Type type)
   à Microsoft.VisualStudio.TestTools.TestTypes.Unit.UnitTestExecuter.ResolveMethods()
   à Microsoft.VisualStudio.TestTools.TestTypes.Unit.UnitTestExecuter.Initialize(UnitTestResult result, UnitTestRunner runner, ConsoleOutputRedirector redirector)
   à Microsoft.VisualStudio.TestTools.TestTypes.Unit.UnitTestRunner.Run(UnitTestElement test, ITestContext testContext, Boolean isLoadTest, Boolean useMultipleCpus)
E, 8936, 20, 2013/01/12, 19:29:13.498, EMMANUEL-PC\QTAgent32.exe, Unit Test Executor threw an exception. Most likely the test run was aborted by the user or the framework:System.Reflection.ReflectionTypeLoadException: Impossible de charger un ou plusieurs des types requis. Extrayez la propriété LoaderExceptions pour plus d'informations.
   à System.Reflection.RuntimeModule.GetTypes(RuntimeModule module)
   à System.Reflection.RuntimeModule.GetTypes()
   à System.Reflection.Assembly.GetTypes()
   à Microsoft.VisualStudio.TestTools.TestTypes.Unit.UnitTestExecuter.GetAssemblyInfo(Assembly assembly)
   à Microsoft.VisualStudio.TestTools.TestTypes.Unit.UnitTestExecuter.GetTypeInfo(Type type, Boolean checkAlreadyExaminedType)
   à Microsoft.VisualStudio.TestTools.TestTypes.Unit.UnitTestExecuter.GetTypeInfo(Type type)
   à Microsoft.VisualStudio.TestTools.TestTypes.Unit.UnitTestExecuter.ResolveMethods()
   à Microsoft.VisualStudio.TestTools.TestTypes.Unit.UnitTestExecuter.Initialize(UnitTestResult result, UnitTestRunner runner, ConsoleOutputRedirector redirector)
E, 8936, 20, 2013/01/12, 19:29:13.501, EMMANUEL-PC\QTAgent32.exe, Unit Test Adapter threw exception: System.Reflection.ReflectionTypeLoadException: Impossible de charger un ou plusieurs des types requis. Extrayez la propriété LoaderExceptions pour plus d'informations.
   à System.Reflection.RuntimeModule.GetTypes(RuntimeModule module)
   à System.Reflection.RuntimeModule.GetTypes()
   à System.Reflection.Assembly.GetTypes()
   à Microsoft.VisualStudio.TestTools.TestTypes.Unit.UnitTestExecuter.GetAssemblyInfo(Assembly assembly)
   à Microsoft.VisualStudio.TestTools.TestTypes.Unit.UnitTestExecuter.GetTypeInfo(Type type, Boolean checkAlreadyExaminedType)
   à Microsoft.VisualStudio.TestTools.TestTypes.Unit.UnitTestExecuter.GetTypeInfo(Type type)
   à Microsoft.VisualStudio.TestTools.TestTypes.Unit.UnitTestExecuter.ResolveMethods()
   à Microsoft.VisualStudio.TestTools.TestTypes.Unit.UnitTestExecuter.Initialize(UnitTestResult result, UnitTestRunner runner, ConsoleOutputRedirector redirector)
   à Microsoft.VisualStudio.TestTools.TestTypes.Unit.UnitTestRunner.Run(UnitTestElement test, ITestContext testContext, Boolean isLoadTest, Boolean useMultipleCpus)
E, 8936, 22, 2013/01/12, 19:29:13.520, EMMANUEL-PC\QTAgent32.exe, Unit Test Executor threw an exception. Most likely the test run was aborted by the user or the framework:System.Reflection.ReflectionTypeLoadException: Impossible de charger un ou plusieurs des types requis. Extrayez la propriété LoaderExceptions pour plus d'informations.
   à System.Reflection.RuntimeModule.GetTypes(RuntimeModule module)
   à System.Reflection.RuntimeModule.GetTypes()
   à System.Reflection.Assembly.GetTypes()
   à Microsoft.VisualStudio.TestTools.TestTypes.Unit.UnitTestExecuter.GetAssemblyInfo(Assembly assembly)
   à Microsoft.VisualStudio.TestTools.TestTypes.Unit.UnitTestExecuter.GetTypeInfo(Type type, Boolean checkAlreadyExaminedType)
   à Microsoft.VisualStudio.TestTools.TestTypes.Unit.UnitTestExecuter.GetTypeInfo(Type type)
   à Microsoft.VisualStudio.TestTools.TestTypes.Unit.UnitTestExecuter.ResolveMethods()
   à Microsoft.VisualStudio.TestTools.TestTypes.Unit.UnitTestExecuter.Initialize(UnitTestResult result, UnitTestRunner runner, ConsoleOutputRedirector redirector)
E, 8936, 22, 2013/01/12, 19:29:13.523, EMMANUEL-PC\QTAgent32.exe, Unit Test Adapter threw exception: System.Reflection.ReflectionTypeLoadException: Impossible de charger un ou plusieurs des types requis. Extrayez la propriété LoaderExceptions pour plus d'informations.
   à System.Reflection.RuntimeModule.GetTypes(RuntimeModule module)
   à System.Reflection.RuntimeModule.GetTypes()
   à System.Reflection.Assembly.GetTypes()
   à Microsoft.VisualStudio.TestTools.TestTypes.Unit.UnitTestExecuter.GetAssemblyInfo(Assembly assembly)
   à Microsoft.VisualStudio.TestTools.TestTypes.Unit.UnitTestExecuter.GetTypeInfo(Type type, Boolean checkAlreadyExaminedType)
   à Microsoft.VisualStudio.TestTools.TestTypes.Unit.UnitTestExecuter.GetTypeInfo(Type type)
   à Microsoft.VisualStudio.TestTools.TestTypes.Unit.UnitTestExecuter.ResolveMethods()
   à Microsoft.VisualStudio.TestTools.TestTypes.Unit.UnitTestExecuter.Initialize(UnitTestResult result, UnitTestRunner runner, ConsoleOutputRedirector redirector)
   à Microsoft.VisualStudio.TestTools.TestTypes.Unit.UnitTestRunner.Run(UnitTestElement test, ITestContext testContext, Boolean isLoadTest, Boolean useMultipleCpus)
E, 8936, 24, 2013/01/12, 19:29:13.547, EMMANUEL-PC\QTAgent32.exe, Unit Test Executor threw an exception. Most likely the test run was aborted by the user or the framework:System.Reflection.ReflectionTypeLoadException: Impossible de charger un ou plusieurs des types requis. Extrayez la propriété LoaderExceptions pour plus d'informations.
   à System.Reflection.RuntimeModule.GetTypes(RuntimeModule module)
   à System.Reflection.RuntimeModule.GetTypes()
   à System.Reflection.Assembly.GetTypes()
   à Microsoft.VisualStudio.TestTools.TestTypes.Unit.UnitTestExecuter.GetAssemblyInfo(Assembly assembly)
   à Microsoft.VisualStudio.TestTools.TestTypes.Unit.UnitTestExecuter.GetTypeInfo(Type type, Boolean checkAlreadyExaminedType)
   à Microsoft.VisualStudio.TestTools.TestTypes.Unit.UnitTestExecuter.GetTypeInfo(Type type)
   à Microsoft.VisualStudio.TestTools.TestTypes.Unit.UnitTestExecuter.ResolveMethods()
   à Microsoft.VisualStudio.TestTools.TestTypes.Unit.UnitTestExecuter.Initialize(UnitTestResult result, UnitTestRunner runner, ConsoleOutputRedirector redirector)
E, 8936, 24, 2013/01/12, 19:29:13.550, EMMANUEL-PC\QTAgent32.exe, Unit Test Adapter threw exception: System.Reflection.ReflectionTypeLoadException: Impossible de charger un ou plusieurs des types requis. Extrayez la propriété LoaderExceptions pour plus d'informations.
   à System.Reflection.RuntimeModule.GetTypes(RuntimeModule module)
   à System.Reflection.RuntimeModule.GetTypes()
   à System.Reflection.Assembly.GetTypes()
   à Microsoft.VisualStudio.TestTools.TestTypes.Unit.UnitTestExecuter.GetAssemblyInfo(Assembly assembly)
   à Microsoft.VisualStudio.TestTools.TestTypes.Unit.UnitTestExecuter.GetTypeInfo(Type type, Boolean checkAlreadyExaminedType)
   à Microsoft.VisualStudio.TestTools.TestTypes.Unit.UnitTestExecuter.GetTypeInfo(Type type)
   à Microsoft.VisualStudio.TestTools.TestTypes.Unit.UnitTestExecuter.ResolveMethods()
   à Microsoft.VisualStudio.TestTools.TestTypes.Unit.UnitTestExecuter.Initialize(UnitTestResult result, UnitTestRunner runner, ConsoleOutputRedirector redirector)
   à Microsoft.VisualStudio.TestTools.TestTypes.Unit.UnitTestRunner.Run(UnitTestElement test, ITestContext testContext, Boolean isLoadTest, Boolean useMultipleCpus)
E, 8936, 26, 2013/01/12, 19:29:13.567, EMMANUEL-PC\QTAgent32.exe, Unit Test Executor threw an exception. Most likely the test run was aborted by the user or the framework:System.Reflection.ReflectionTypeLoadException: Impossible de charger un ou plusieurs des types requis. Extrayez la propriété LoaderExceptions pour plus d'informations.
   à System.Reflection.RuntimeModule.GetTypes(RuntimeModule module)
   à System.Reflection.RuntimeModule.GetTypes()
   à System.Reflection.Assembly.GetTypes()
   à Microsoft.VisualStudio.TestTools.TestTypes.Unit.UnitTestExecuter.GetAssemblyInfo(Assembly assembly)
   à Microsoft.VisualStudio.TestTools.TestTypes.Unit.UnitTestExecuter.GetTypeInfo(Type type, Boolean checkAlreadyExaminedType)
   à Microsoft.VisualStudio.TestTools.TestTypes.Unit.UnitTestExecuter.GetTypeInfo(Type type)
   à Microsoft.VisualStudio.TestTools.TestTypes.Unit.UnitTestExecuter.ResolveMethods()
   à Microsoft.VisualStudio.TestTools.TestTypes.Unit.UnitTestExecuter.Initialize(UnitTestResult result, UnitTestRunner runner, ConsoleOutputRedirector redirector)
E, 8936, 26, 2013/01/12, 19:29:13.570, EMMANUEL-PC\QTAgent32.exe, Unit Test Adapter threw exception: System.Reflection.ReflectionTypeLoadException: Impossible de charger un ou plusieurs des types requis. Extrayez la propriété LoaderExceptions pour plus d'informations.
   à System.Reflection.RuntimeModule.GetTypes(RuntimeModule module)
   à System.Reflection.RuntimeModule.GetTypes()
   à System.Reflection.Assembly.GetTypes()
   à Microsoft.VisualStudio.TestTools.TestTypes.Unit.UnitTestExecuter.GetAssemblyInfo(Assembly assembly)
   à Microsoft.VisualStudio.TestTools.TestTypes.Unit.UnitTestExecuter.GetTypeInfo(Type type, Boolean checkAlreadyExaminedType)
   à Microsoft.VisualStudio.TestTools.TestTypes.Unit.UnitTestExecuter.GetTypeInfo(Type type)
   à Microsoft.VisualStudio.TestTools.TestTypes.Unit.UnitTestExecuter.ResolveMethods()
   à Microsoft.VisualStudio.TestTools.TestTypes.Unit.UnitTestExecuter.Initialize(UnitTestResult result, UnitTestRunner runner, ConsoleOutputRedirector redirector)
   à Microsoft.VisualStudio.TestTools.TestTypes.Unit.UnitTestRunner.Run(UnitTestElement test, ITestContext testContext, Boolean isLoadTest, Boolean useMultipleCpus)
E, 8936, 28, 2013/01/12, 19:29:13.585, EMMANUEL-PC\QTAgent32.exe, Unit Test Executor threw an exception. Most likely the test run was aborted by the user or the framework:System.Reflection.ReflectionTypeLoadException: Impossible de charger un ou plusieurs des types requis. Extrayez la propriété LoaderExceptions pour plus d'informations.
   à System.Reflection.RuntimeModule.GetTypes(RuntimeModule module)
   à System.Reflection.RuntimeModule.GetTypes()
   à System.Reflection.Assembly.GetTypes()
   à Microsoft.VisualStudio.TestTools.TestTypes.Unit.UnitTestExecuter.GetAssemblyInfo(Assembly assembly)
   à Microsoft.VisualStudio.TestTools.TestTypes.Unit.UnitTestExecuter.GetTypeInfo(Type type, Boolean checkAlreadyExaminedType)
   à Microsoft.VisualStudio.TestTools.TestTypes.Unit.UnitTestExecuter.GetTypeInfo(Type type)
   à Microsoft.VisualStudio.TestTools.TestTypes.Unit.UnitTestExecuter.ResolveMethods()
   à Microsoft.VisualStudio.TestTools.TestTypes.Unit.UnitTestExecuter.Initialize(UnitTestResult result, UnitTestRunner runner, ConsoleOutputRedirector redirector)
E, 8936, 28, 2013/01/12, 19:29:13.588, EMMANUEL-PC\QTAgent32.exe, Unit Test Adapter threw exception: System.Reflection.ReflectionTypeLoadException: Impossible de charger un ou plusieurs des types requis. Extrayez la propriété LoaderExceptions pour plus d'informations.
   à System.Reflection.RuntimeModule.GetTypes(RuntimeModule module)
   à System.Reflection.RuntimeModule.GetTypes()
   à System.Reflection.Assembly.GetTypes()
   à Microsoft.VisualStudio.TestTools.TestTypes.Unit.UnitTestExecuter.GetAssemblyInfo(Assembly assembly)
   à Microsoft.VisualStudio.TestTools.TestTypes.Unit.UnitTestExecuter.GetTypeInfo(Type type, Boolean checkAlreadyExaminedType)
   à Microsoft.VisualStudio.TestTools.TestTypes.Unit.UnitTestExecuter.GetTypeInfo(Type type)
   à Microsoft.VisualStudio.TestTools.TestTypes.Unit.UnitTestExecuter.ResolveMethods()
   à Microsoft.VisualStudio.TestTools.TestTypes.Unit.UnitTestExecuter.Initialize(UnitTestResult result, UnitTestRunner runner, ConsoleOutputRedirector redirector)
   à Microsoft.VisualStudio.TestTools.TestTypes.Unit.UnitTestRunner.Run(UnitTestElement test, ITestContext testContext, Boolean isLoadTest, Boolean useMultipleCpus)
E, 8936, 30, 2013/01/12, 19:29:13.605, EMMANUEL-PC\QTAgent32.exe, Unit Test Executor threw an exception. Most likely the test run was aborted by the user or the framework:System.Reflection.ReflectionTypeLoadException: Impossible de charger un ou plusieurs des types requis. Extrayez la propriété LoaderExceptions pour plus d'informations.
   à System.Reflection.RuntimeModule.GetTypes(RuntimeModule module)
   à System.Reflection.RuntimeModule.GetTypes()
   à System.Reflection.Assembly.GetTypes()
   à Microsoft.VisualStudio.TestTools.TestTypes.Unit.UnitTestExecuter.GetAssemblyInfo(Assembly assembly)
   à Microsoft.VisualStudio.TestTools.TestTypes.Unit.UnitTestExecuter.GetTypeInfo(Type type, Boolean checkAlreadyExaminedType)
   à Microsoft.VisualStudio.TestTools.TestTypes.Unit.UnitTestExecuter.GetTypeInfo(Type type)
   à Microsoft.VisualStudio.TestTools.TestTypes.Unit.UnitTestExecuter.ResolveMethods()
   à Microsoft.VisualStudio.TestTools.TestTypes.Unit.UnitTestExecuter.Initialize(UnitTestResult result, UnitTestRunner runner, ConsoleOutputRedirector redirector)
E, 8936, 30, 2013/01/12, 19:29:13.608, EMMANUEL-PC\QTAgent32.exe, Unit Test Adapter threw exception: System.Reflection.ReflectionTypeLoadException: Impossible de charger un ou plusieurs des types requis. Extrayez la propriété LoaderExceptions pour plus d'informations.
   à System.Reflection.RuntimeModule.GetTypes(RuntimeModule module)
   à System.Reflection.RuntimeModule.GetTypes()
   à System.Reflection.Assembly.GetTypes()
   à Microsoft.VisualStudio.TestTools.TestTypes.Unit.UnitTestExecuter.GetAssemblyInfo(Assembly assembly)
   à Microsoft.VisualStudio.TestTools.TestTypes.Unit.UnitTestExecuter.GetTypeInfo(Type type, Boolean checkAlreadyExaminedType)
   à Microsoft.VisualStudio.TestTools.TestTypes.Unit.UnitTestExecuter.GetTypeInfo(Type type)
   à Microsoft.VisualStudio.TestTools.TestTypes.Unit.UnitTestExecuter.ResolveMethods()
   à Microsoft.VisualStudio.TestTools.TestTypes.Unit.UnitTestExecuter.Initialize(UnitTestResult result, UnitTestRunner runner, ConsoleOutputRedirector redirector)
   à Microsoft.VisualStudio.TestTools.TestTypes.Unit.UnitTestRunner.Run(UnitTestElement test, ITestContext testContext, Boolean isLoadTest, Boolean useMultipleCpus)
E, 8936, 32, 2013/01/12, 19:29:13.622, EMMANUEL-PC\QTAgent32.exe, Unit Test Executor threw an exception. Most likely the test run was aborted by the user or the framework:System.Reflection.ReflectionTypeLoadException: Impossible de charger un ou plusieurs des types requis. Extrayez la propriété LoaderExceptions pour plus d'informations.
   à System.Reflection.RuntimeModule.GetTypes(RuntimeModule module)
   à System.Reflection.RuntimeModule.GetTypes()
   à System.Reflection.Assembly.GetTypes()
   à Microsoft.VisualStudio.TestTools.TestTypes.Unit.UnitTestExecuter.GetAssemblyInfo(Assembly assembly)
   à Microsoft.VisualStudio.TestTools.TestTypes.Unit.UnitTestExecuter.GetTypeInfo(Type type, Boolean checkAlreadyExaminedType)
   à Microsoft.VisualStudio.TestTools.TestTypes.Unit.UnitTestExecuter.GetTypeInfo(Type type)
   à Microsoft.VisualStudio.TestTools.TestTypes.Unit.UnitTestExecuter.ResolveMethods()
   à Microsoft.VisualStudio.TestTools.TestTypes.Unit.UnitTestExecuter.Initialize(UnitTestResult result, UnitTestRunner runner, ConsoleOutputRedirector redirector)
E, 8936, 32, 2013/01/12, 19:29:13.626, EMMANUEL-PC\QTAgent32.exe, Unit Test Adapter threw exception: System.Reflection.ReflectionTypeLoadException: Impossible de charger un ou plusieurs des types requis. Extrayez la propriété LoaderExceptions pour plus d'informations.
   à System.Reflection.RuntimeModule.GetTypes(RuntimeModule module)
   à System.Reflection.RuntimeModule.GetTypes()
   à System.Reflection.Assembly.GetTypes()
   à Microsoft.VisualStudio.TestTools.TestTypes.Unit.UnitTestExecuter.GetAssemblyInfo(Assembly assembly)
   à Microsoft.VisualStudio.TestTools.TestTypes.Unit.UnitTestExecuter.GetTypeInfo(Type type, Boolean checkAlreadyExaminedType)
   à Microsoft.VisualStudio.TestTools.TestTypes.Unit.UnitTestExecuter.GetTypeInfo(Type type)
   à Microsoft.VisualStudio.TestTools.TestTypes.Unit.UnitTestExecuter.ResolveMethods()
   à Microsoft.VisualStudio.TestTools.TestTypes.Unit.UnitTestExecuter.Initialize(UnitTestResult result, UnitTestRunner runner, ConsoleOutputRedirector redirector)
   à Microsoft.VisualStudio.TestTools.TestTypes.Unit.UnitTestRunner.Run(UnitTestElement test, ITestContext testContext, Boolean isLoadTest, Boolean useMultipleCpus)
E, 8936, 34, 2013/01/12, 19:29:13.643, EMMANUEL-PC\QTAgent32.exe, Unit Test Executor threw an exception. Most likely the test run was aborted by the user or the framework:System.Reflection.ReflectionTypeLoadException: Impossible de charger un ou plusieurs des types requis. Extrayez la propriété LoaderExceptions pour plus d'informations.
   à System.Reflection.RuntimeModule.GetTypes(RuntimeModule module)
   à System.Reflection.RuntimeModule.GetTypes()
   à System.Reflection.Assembly.GetTypes()
   à Microsoft.VisualStudio.TestTools.TestTypes.Unit.UnitTestExecuter.GetAssemblyInfo(Assembly assembly)
   à Microsoft.VisualStudio.TestTools.TestTypes.Unit.UnitTestExecuter.GetTypeInfo(Type type, Boolean checkAlreadyExaminedType)
   à Microsoft.VisualStudio.TestTools.TestTypes.Unit.UnitTestExecuter.GetTypeInfo(Type type)
   à Microsoft.VisualStudio.TestTools.TestTypes.Unit.UnitTestExecuter.ResolveMethods()
   à Microsoft.VisualStudio.TestTools.TestTypes.Unit.UnitTestExecuter.Initialize(UnitTestResult result, UnitTestRunner runner, ConsoleOutputRedirector redirector)
E, 8936, 34, 2013/01/12, 19:29:13.646, EMMANUEL-PC\QTAgent32.exe, Unit Test Adapter threw exception: System.Reflection.ReflectionTypeLoadException: Impossible de charger un ou plusieurs des types requis. Extrayez la propriété LoaderExceptions pour plus d'informations.
   à System.Reflection.RuntimeModule.GetTypes(RuntimeModule module)
   à System.Reflection.RuntimeModule.GetTypes()
   à System.Reflection.Assembly.GetTypes()
   à Microsoft.VisualStudio.TestTools.TestTypes.Unit.UnitTestExecuter.GetAssemblyInfo(Assembly assembly)
   à Microsoft.VisualStudio.TestTools.TestTypes.Unit.UnitTestExecuter.GetTypeInfo(Type type, Boolean checkAlreadyExaminedType)
   à Microsoft.VisualStudio.TestTools.TestTypes.Unit.UnitTestExecuter.GetTypeInfo(Type type)
   à Microsoft.VisualStudio.TestTools.TestTypes.Unit.UnitTestExecuter.ResolveMethods()
   à Microsoft.VisualStudio.TestTools.TestTypes.Unit.UnitTestExecuter.Initialize(UnitTestResult result, UnitTestRunner runner, ConsoleOutputRedirector redirector)
   à Microsoft.VisualStudio.TestTools.TestTypes.Unit.UnitTestRunner.Run(UnitTestElement test, ITestContext testContext, Boolean isLoadTest, Boolean useMultipleCpus)
E, 8936, 36, 2013/01/12, 19:29:13.663, EMMANUEL-PC\QTAgent32.exe, Unit Test Executor threw an exception. Most likely the test run was aborted by the user or the framework:System.Reflection.ReflectionTypeLoadException: Impossible de charger un ou plusieurs des types requis. Extrayez la propriété LoaderExceptions pour plus d'informations.
   à System.Reflection.RuntimeModule.GetTypes(RuntimeModule module)
   à System.Reflection.RuntimeModule.GetTypes()
   à System.Reflection.Assembly.GetTypes()
   à Microsoft.VisualStudio.TestTools.TestTypes.Unit.UnitTestExecuter.GetAssemblyInfo(Assembly assembly)
   à Microsoft.VisualStudio.TestTools.TestTypes.Unit.UnitTestExecuter.GetTypeInfo(Type type, Boolean checkAlreadyExaminedType)
   à Microsoft.VisualStudio.TestTools.TestTypes.Unit.UnitTestExecuter.GetTypeInfo(Type type)
   à Microsoft.VisualStudio.TestTools.TestTypes.Unit.UnitTestExecuter.ResolveMethods()
   à Microsoft.VisualStudio.TestTools.TestTypes.Unit.UnitTestExecuter.Initialize(UnitTestResult result, UnitTestRunner runner, ConsoleOutputRedirector redirector)
E, 8936, 36, 2013/01/12, 19:29:13.666, EMMANUEL-PC\QTAgent32.exe, Unit Test Adapter threw exception: System.Reflection.ReflectionTypeLoadException: Impossible de charger un ou plusieurs des types requis. Extrayez la propriété LoaderExceptions pour plus d'informations.
   à System.Reflection.RuntimeModule.GetTypes(RuntimeModule module)
   à System.Reflection.RuntimeModule.GetTypes()
   à System.Reflection.Assembly.GetTypes()
   à Microsoft.VisualStudio.TestTools.TestTypes.Unit.UnitTestExecuter.GetAssemblyInfo(Assembly assembly)
   à Microsoft.VisualStudio.TestTools.TestTypes.Unit.UnitTestExecuter.GetTypeInfo(Type type, Boolean checkAlreadyExaminedType)
   à Microsoft.VisualStudio.TestTools.TestTypes.Unit.UnitTestExecuter.GetTypeInfo(Type type)
   à Microsoft.VisualStudio.TestTools.TestTypes.Unit.UnitTestExecuter.ResolveMethods()
   à Microsoft.VisualStudio.TestTools.TestTypes.Unit.UnitTestExecuter.Initialize(UnitTestResult result, UnitTestRunner runner, ConsoleOutputRedirector redirector)
   à Microsoft.VisualStudio.TestTools.TestTypes.Unit.UnitTestRunner.Run(UnitTestElement test, ITestContext testContext, Boolean isLoadTest, Boolean useMultipleCpus)
E, 8936, 39, 2013/01/12, 19:29:13.682, EMMANUEL-PC\QTAgent32.exe, Unit Test Executor threw an exception. Most likely the test run was aborted by the user or the framework:System.Reflection.ReflectionTypeLoadException: Impossible de charger un ou plusieurs des types requis. Extrayez la propriété LoaderExceptions pour plus d'informations.
   à System.Reflection.RuntimeModule.GetTypes(RuntimeModule module)
   à System.Reflection.RuntimeModule.GetTypes()
   à System.Reflection.Assembly.GetTypes()
   à Microsoft.VisualStudio.TestTools.TestTypes.Unit.UnitTestExecuter.GetAssemblyInfo(Assembly assembly)
   à Microsoft.VisualStudio.TestTools.TestTypes.Unit.UnitTestExecuter.GetTypeInfo(Type type, Boolean checkAlreadyExaminedType)
   à Microsoft.VisualStudio.TestTools.TestTypes.Unit.UnitTestExecuter.GetTypeInfo(Type type)
   à Microsoft.VisualStudio.TestTools.TestTypes.Unit.UnitTestExecuter.ResolveMethods()
   à Microsoft.VisualStudio.TestTools.TestTypes.Unit.UnitTestExecuter.Initialize(UnitTestResult result, UnitTestRunner runner, ConsoleOutputRedirector redirector)
E, 8936, 39, 2013/01/12, 19:29:13.685, EMMANUEL-PC\QTAgent32.exe, Unit Test Adapter threw exception: System.Reflection.ReflectionTypeLoadException: Impossible de charger un ou plusieurs des types requis. Extrayez la propriété LoaderExceptions pour plus d'informations.
   à System.Reflection.RuntimeModule.GetTypes(RuntimeModule module)
   à System.Reflection.RuntimeModule.GetTypes()
   à System.Reflection.Assembly.GetTypes()
   à Microsoft.VisualStudio.TestTools.TestTypes.Unit.UnitTestExecuter.GetAssemblyInfo(Assembly assembly)
   à Microsoft.VisualStudio.TestTools.TestTypes.Unit.UnitTestExecuter.GetTypeInfo(Type type, Boolean checkAlreadyExaminedType)
   à Microsoft.VisualStudio.TestTools.TestTypes.Unit.UnitTestExecuter.GetTypeInfo(Type type)
   à Microsoft.VisualStudio.TestTools.TestTypes.Unit.UnitTestExecuter.ResolveMethods()
   à Microsoft.VisualStudio.TestTools.TestTypes.Unit.UnitTestExecuter.Initialize(UnitTestResult result, UnitTestRunner runner, ConsoleOutputRedirector redirector)
   à Microsoft.VisualStudio.TestTools.TestTypes.Unit.UnitTestRunner.Run(UnitTestElement test, ITestContext testContext, Boolean isLoadTest, Boolean useMultipleCpus)
E, 8936, 41, 2013/01/12, 19:29:13.701, EMMANUEL-PC\QTAgent32.exe, Unit Test Executor threw an exception. Most likely the test run was aborted by the user or the framework:System.Reflection.ReflectionTypeLoadException: Impossible de charger un ou plusieurs des types requis. Extrayez la propriété LoaderExceptions pour plus d'informations.
   à System.Reflection.RuntimeModule.GetTypes(RuntimeModule module)
   à System.Reflection.RuntimeModule.GetTypes()
   à System.Reflection.Assembly.GetTypes()
   à Microsoft.VisualStudio.TestTools.TestTypes.Unit.UnitTestExecuter.GetAssemblyInfo(Assembly assembly)
   à Microsoft.VisualStudio.TestTools.TestTypes.Unit.UnitTestExecuter.GetTypeInfo(Type type, Boolean checkAlreadyExaminedType)
   à Microsoft.VisualStudio.TestTools.TestTypes.Unit.UnitTestExecuter.GetTypeInfo(Type type)
   à Microsoft.VisualStudio.TestTools.TestTypes.Unit.UnitTestExecuter.ResolveMethods()
   à Microsoft.VisualStudio.TestTools.TestTypes.Unit.UnitTestExecuter.Initialize(UnitTestResult result, UnitTestRunner runner, ConsoleOutputRedirector redirector)
E, 8936, 41, 2013/01/12, 19:29:13.704, EMMANUEL-PC\QTAgent32.exe, Unit Test Adapter threw exception: System.Reflection.ReflectionTypeLoadException: Impossible de charger un ou plusieurs des types requis. Extrayez la propriété LoaderExceptions pour plus d'informations.
   à System.Reflection.RuntimeModule.GetTypes(RuntimeModule module)
   à System.Reflection.RuntimeModule.GetTypes()
   à System.Reflection.Assembly.GetTypes()
   à Microsoft.VisualStudio.TestTools.TestTypes.Unit.UnitTestExecuter.GetAssemblyInfo(Assembly assembly)
   à Microsoft.VisualStudio.TestTools.TestTypes.Unit.UnitTestExecuter.GetTypeInfo(Type type, Boolean checkAlreadyExaminedType)
   à Microsoft.VisualStudio.TestTools.TestTypes.Unit.UnitTestExecuter.GetTypeInfo(Type type)
   à Microsoft.VisualStudio.TestTools.TestTypes.Unit.UnitTestExecuter.ResolveMethods()
   à Microsoft.VisualStudio.TestTools.TestTypes.Unit.UnitTestExecuter.Initialize(UnitTestResult result, UnitTestRunner runner, ConsoleOutputRedirector redirector)
   à Microsoft.VisualStudio.TestTools.TestTypes.Unit.UnitTestRunner.Run(UnitTestElement test, ITestContext testContext, Boolean isLoadTest, Boolean useMultipleCpus)
E, 8936, 43, 2013/01/12, 19:29:13.720, EMMANUEL-PC\QTAgent32.exe, Unit Test Executor threw an exception. Most likely the test run was aborted by the user or the framework:System.Reflection.ReflectionTypeLoadException: Impossible de charger un ou plusieurs des types requis. Extrayez la propriété LoaderExceptions pour plus d'informations.
   à System.Reflection.RuntimeModule.GetTypes(RuntimeModule module)
   à System.Reflection.RuntimeModule.GetTypes()
   à System.Reflection.Assembly.GetTypes()
   à Microsoft.VisualStudio.TestTools.TestTypes.Unit.UnitTestExecuter.GetAssemblyInfo(Assembly assembly)
   à Microsoft.VisualStudio.TestTools.TestTypes.Unit.UnitTestExecuter.GetTypeInfo(Type type, Boolean checkAlreadyExaminedType)
   à Microsoft.VisualStudio.TestTools.TestTypes.Unit.UnitTestExecuter.GetTypeInfo(Type type)
   à Microsoft.VisualStudio.TestTools.TestTypes.Unit.UnitTestExecuter.ResolveMethods()
   à Microsoft.VisualStudio.TestTools.TestTypes.Unit.UnitTestExecuter.Initialize(UnitTestResult result, UnitTestRunner runner, ConsoleOutputRedirector redirector)
E, 8936, 43, 2013/01/12, 19:29:13.723, EMMANUEL-PC\QTAgent32.exe, Unit Test Adapter threw exception: System.Reflection.ReflectionTypeLoadException: Impossible de charger un ou plusieurs des types requis. Extrayez la propriété LoaderExceptions pour plus d'informations.
   à System.Reflection.RuntimeModule.GetTypes(RuntimeModule module)
   à System.Reflection.RuntimeModule.GetTypes()
   à System.Reflection.Assembly.GetTypes()
   à Microsoft.VisualStudio.TestTools.TestTypes.Unit.UnitTestExecuter.GetAssemblyInfo(Assembly assembly)
   à Microsoft.VisualStudio.TestTools.TestTypes.Unit.UnitTestExecuter.GetTypeInfo(Type type, Boolean checkAlreadyExaminedType)
   à Microsoft.VisualStudio.TestTools.TestTypes.Unit.UnitTestExecuter.GetTypeInfo(Type type)
   à Microsoft.VisualStudio.TestTools.TestTypes.Unit.UnitTestExecuter.ResolveMethods()
   à Microsoft.VisualStudio.TestTools.TestTypes.Unit.UnitTestExecuter.Initialize(UnitTestResult result, UnitTestRunner runner, ConsoleOutputRedirector redirector)
   à Microsoft.VisualStudio.TestTools.TestTypes.Unit.UnitTestRunner.Run(UnitTestElement test, ITestContext testContext, Boolean isLoadTest, Boolean useMultipleCpus)
E, 8936, 45, 2013/01/12, 19:29:13.737, EMMANUEL-PC\QTAgent32.exe, Unit Test Executor threw an exception. Most likely the test run was aborted by the user or the framework:System.Reflection.ReflectionTypeLoadException: Impossible de charger un ou plusieurs des types requis. Extrayez la propriété LoaderExceptions pour plus d'informations.
   à System.Reflection.RuntimeModule.GetTypes(RuntimeModule module)
   à System.Reflection.RuntimeModule.GetTypes()
   à System.Reflection.Assembly.GetTypes()
   à Microsoft.VisualStudio.TestTools.TestTypes.Unit.UnitTestExecuter.GetAssemblyInfo(Assembly assembly)
   à Microsoft.VisualStudio.TestTools.TestTypes.Unit.UnitTestExecuter.GetTypeInfo(Type type, Boolean checkAlreadyExaminedType)
   à Microsoft.VisualStudio.TestTools.TestTypes.Unit.UnitTestExecuter.GetTypeInfo(Type type)
   à Microsoft.VisualStudio.TestTools.TestTypes.Unit.UnitTestExecuter.ResolveMethods()
   à Microsoft.VisualStudio.TestTools.TestTypes.Unit.UnitTestExecuter.Initialize(UnitTestResult result, UnitTestRunner runner, ConsoleOutputRedirector redirector)
E, 8936, 45, 2013/01/12, 19:29:13.740, EMMANUEL-PC\QTAgent32.exe, Unit Test Adapter threw exception: System.Reflection.ReflectionTypeLoadException: Impossible de charger un ou plusieurs des types requis. Extrayez la propriété LoaderExceptions pour plus d'informations.
   à System.Reflection.RuntimeModule.GetTypes(RuntimeModule module)
   à System.Reflection.RuntimeModule.GetTypes()
   à System.Reflection.Assembly.GetTypes()
   à Microsoft.VisualStudio.TestTools.TestTypes.Unit.UnitTestExecuter.GetAssemblyInfo(Assembly assembly)
   à Microsoft.VisualStudio.TestTools.TestTypes.Unit.UnitTestExecuter.GetTypeInfo(Type type, Boolean checkAlreadyExaminedType)
   à Microsoft.VisualStudio.TestTools.TestTypes.Unit.UnitTestExecuter.GetTypeInfo(Type type)
   à Microsoft.VisualStudio.TestTools.TestTypes.Unit.UnitTestExecuter.ResolveMethods()
   à Microsoft.VisualStudio.TestTools.TestTypes.Unit.UnitTestExecuter.Initialize(UnitTestResult result, UnitTestRunner runner, ConsoleOutputRedirector redirector)
   à Microsoft.VisualStudio.TestTools.TestTypes.Unit.UnitTestRunner.Run(UnitTestElement test, ITestContext testContext, Boolean isLoadTest, Boolean useMultipleCpus)
E, 8936, 47, 2013/01/12, 19:29:13.753, EMMANUEL-PC\QTAgent32.exe, Unit Test Executor threw an exception. Most likely the test run was aborted by the user or the framework:System.Reflection.ReflectionTypeLoadException: Impossible de charger un ou plusieurs des types requis. Extrayez la propriété LoaderExceptions pour plus d'informations.
   à System.Reflection.RuntimeModule.GetTypes(RuntimeModule module)
   à System.Reflection.RuntimeModule.GetTypes()
   à System.Reflection.Assembly.GetTypes()
   à Microsoft.VisualStudio.TestTools.TestTypes.Unit.UnitTestExecuter.GetAssemblyInfo(Assembly assembly)
   à Microsoft.VisualStudio.TestTools.TestTypes.Unit.UnitTestExecuter.GetTypeInfo(Type type, Boolean checkAlreadyExaminedType)
   à Microsoft.VisualStudio.TestTools.TestTypes.Unit.UnitTestExecuter.GetTypeInfo(Type type)
   à Microsoft.VisualStudio.TestTools.TestTypes.Unit.UnitTestExecuter.ResolveMethods()
   à Microsoft.VisualStudio.TestTools.TestTypes.Unit.UnitTestExecuter.Initialize(UnitTestResult result, UnitTestRunner runner, ConsoleOutputRedirector redirector)
E, 8936, 47, 2013/01/12, 19:29:13.756, EMMANUEL-PC\QTAgent32.exe, Unit Test Adapter threw exception: System.Reflection.ReflectionTypeLoadException: Impossible de charger un ou plusieurs des types requis. Extrayez la propriété LoaderExceptions pour plus d'informations.
   à System.Reflection.RuntimeModule.GetTypes(RuntimeModule module)
   à System.Reflection.RuntimeModule.GetTypes()
   à System.Reflection.Assembly.GetTypes()
   à Microsoft.VisualStudio.TestTools.TestTypes.Unit.UnitTestExecuter.GetAssemblyInfo(Assembly assembly)
   à Microsoft.VisualStudio.TestTools.TestTypes.Unit.UnitTestExecuter.GetTypeInfo(Type type, Boolean checkAlreadyExaminedType)
   à Microsoft.VisualStudio.TestTools.TestTypes.Unit.UnitTestExecuter.GetTypeInfo(Type type)
   à Microsoft.VisualStudio.TestTools.TestTypes.Unit.UnitTestExecuter.ResolveMethods()
   à Microsoft.VisualStudio.TestTools.TestTypes.Unit.UnitTestExecuter.Initialize(UnitTestResult result, UnitTestRunner runner, ConsoleOutputRedirector redirector)
   à Microsoft.VisualStudio.TestTools.TestTypes.Unit.UnitTestRunner.Run(UnitTestElement test, ITestContext testContext, Boolean isLoadTest, Boolean useMultipleCpus)
E, 8936, 49, 2013/01/12, 19:29:13.773, EMMANUEL-PC\QTAgent32.exe, Unit Test Executor threw an exception. Most likely the test run was aborted by the user or the framework:System.Reflection.ReflectionTypeLoadException: Impossible de charger un ou plusieurs des types requis. Extrayez la propriété LoaderExceptions pour plus d'informations.
   à System.Reflection.RuntimeModule.GetTypes(RuntimeModule module)
   à System.Reflection.RuntimeModule.GetTypes()
   à System.Reflection.Assembly.GetTypes()
   à Microsoft.VisualStudio.TestTools.TestTypes.Unit.UnitTestExecuter.GetAssemblyInfo(Assembly assembly)
   à Microsoft.VisualStudio.TestTools.TestTypes.Unit.UnitTestExecuter.GetTypeInfo(Type type, Boolean checkAlreadyExaminedType)
   à Microsoft.VisualStudio.TestTools.TestTypes.Unit.UnitTestExecuter.GetTypeInfo(Type type)
   à Microsoft.VisualStudio.TestTools.TestTypes.Unit.UnitTestExecuter.ResolveMethods()
   à Microsoft.VisualStudio.TestTools.TestTypes.Unit.UnitTestExecuter.Initialize(UnitTestResult result, UnitTestRunner runner, ConsoleOutputRedirector redirector)
E, 8936, 49, 2013/01/12, 19:29:13.776, EMMANUEL-PC\QTAgent32.exe, Unit Test Adapter threw exception: System.Reflection.ReflectionTypeLoadException: Impossible de charger un ou plusieurs des types requis. Extrayez la propriété LoaderExceptions pour plus d'informations.
   à System.Reflection.RuntimeModule.GetTypes(RuntimeModule module)
   à System.Reflection.RuntimeModule.GetTypes()
   à System.Reflection.Assembly.GetTypes()
   à Microsoft.VisualStudio.TestTools.TestTypes.Unit.UnitTestExecuter.GetAssemblyInfo(Assembly assembly)
   à Microsoft.VisualStudio.TestTools.TestTypes.Unit.UnitTestExecuter.GetTypeInfo(Type type, Boolean checkAlreadyExaminedType)
   à Microsoft.VisualStudio.TestTools.TestTypes.Unit.UnitTestExecuter.GetTypeInfo(Type type)
   à Microsoft.VisualStudio.TestTools.TestTypes.Unit.UnitTestExecuter.ResolveMethods()
   à Microsoft.VisualStudio.TestTools.TestTypes.Unit.UnitTestExecuter.Initialize(UnitTestResult result, UnitTestRunner runner, ConsoleOutputRedirector redirector)
   à Microsoft.VisualStudio.TestTools.TestTypes.Unit.UnitTestRunner.Run(UnitTestElement test, ITestContext testContext, Boolean isLoadTest, Boolean useMultipleCpus)
</DebugTrace>
    </Output>
    <RunInfos>
      <RunInfo computerName="EMMANUEL-PC" outcome="Warning" timestamp="2013-01-12T19:29:11.8093931+01:00">
        <Text>Avertissement : conflit lors du déploiement de la série de tests : élément de déploiement 'c:\users\emmanuel\desktop\siabd\projet\projetsiabd\projetsiabd.tests\bin\debug\projetSIABD.dll' référencé directement ou indirectement par le conteneur de test 'c:\users\emmanuel\desktop\siabd\projet\projetsiabd\projetsiabd.tests\bin\debug\projetsiabd.tests.dll' ne peut pas être déployé sur 'projetSIABD.dll' sans quoi le fichier 'c:\users\emmanuel\desktop\siabd\projet\projetsiabd\projetsiabd.tests\bin\debug\projetSIABD.dll' remplacerait élément de déploiement 'C:\Users\Emmanuel\Desktop\siabd\projet\projetSIABD\projetSIABD\bin\projetSIABD.dll' référencé directement ou indirectement par C:\Users\Emmanuel\Desktop\siabd\projet\projetSIABD\projetSIABD.Tests\bin\Debug\projetSIABD.Tests.dll.</Text>
      </RunInfo>
    </RunInfos>
  </ResultSummary>
  <TestDefinitions>
    <UnitTest name="Register_Post_ReturnsViewIfModelStateIsInvalid" storage="c:\users\emmanuel\desktop\siabd\projet\projetsiabd\projetsiabd.tests\bin\debug\projetsiabd.tests.dll" id="b0e15bb5-66eb-1e24-6ae3-55f2dc425e75">
      <Execution id="1439828f-6a19-48d8-a843-10821676aed8" />
      <TestMethod codeBase="C:/Users/Emmanuel/Desktop/siabd/projet/projetSIABD/projetSIABD.Tests/bin/Debug/projetSIABD.Tests.DLL" adapterTypeName="Microsoft.VisualStudio.TestTools.TestTypes.Unit.UnitTestAdapter, Microsoft.VisualStudio.QualityTools.Tips.UnitTest.Adapter, Version=10.0.0.0, Culture=neutral, PublicKeyToken=b03f5f7f11d50a3a" className="projetSIABD.Tests.Controllers.AccountControllerTest, projetSIABD.Tests, Version=1.0.0.0, Culture=neutral, PublicKeyToken=null" name="Register_Post_ReturnsViewIfModelStateIsInvalid" />
    </UnitTest>
    <UnitTest name="Register_Get_ReturnsView" storage="c:\users\emmanuel\desktop\siabd\projet\projetsiabd\projetsiabd.tests\bin\debug\projetsiabd.tests.dll" id="a41d7477-b448-cf21-9d1b-32930fd14623">
      <Execution id="26406109-b112-43c7-a0dc-b7adbf32ee9c" />
      <TestMethod codeBase="C:/Users/Emmanuel/Desktop/siabd/projet/projetSIABD/projetSIABD.Tests/bin/Debug/projetSIABD.Tests.DLL" adapterTypeName="Microsoft.VisualStudio.TestTools.TestTypes.Unit.UnitTestAdapter, Microsoft.VisualStudio.QualityTools.Tips.UnitTest.Adapter, Version=10.0.0.0, Culture=neutral, PublicKeyToken=b03f5f7f11d50a3a" className="projetSIABD.Tests.Controllers.AccountControllerTest, projetSIABD.Tests, Version=1.0.0.0, Culture=neutral, PublicKeyToken=null" name="Register_Get_ReturnsView" />
    </UnitTest>
    <UnitTest name="ChangePassword_Post_ReturnsViewIfModelStateIsInvalid" storage="c:\users\emmanuel\desktop\siabd\projet\projetsiabd\projetsiabd.tests\bin\debug\projetsiabd.tests.dll" id="9ad0fbbf-2966-36c0-0bae-d70e8c8655e6">
      <Execution id="4e550f9d-952c-4c0e-a664-9b246e2c7409" />
      <TestMethod codeBase="C:/Users/Emmanuel/Desktop/siabd/projet/projetSIABD/projetSIABD.Tests/bin/Debug/projetSIABD.Tests.DLL" adapterTypeName="Microsoft.VisualStudio.TestTools.TestTypes.Unit.UnitTestAdapter, Microsoft.VisualStudio.QualityTools.Tips.UnitTest.Adapter, Version=10.0.0.0, Culture=neutral, PublicKeyToken=b03f5f7f11d50a3a" className="projetSIABD.Tests.Controllers.AccountControllerTest, projetSIABD.Tests, Version=1.0.0.0, Culture=neutral, PublicKeyToken=null" name="ChangePassword_Post_ReturnsViewIfModelStateIsInvalid" />
    </UnitTest>
    <UnitTest name="Register_Post_ReturnsRedirectOnSuccess" storage="c:\users\emmanuel\desktop\siabd\projet\projetsiabd\projetsiabd.tests\bin\debug\projetsiabd.tests.dll" id="50136e7f-047e-2233-eda8-527ac172e89b">
      <Execution id="f0b9c276-6477-4057-8c99-8466fde8bceb" />
      <TestMethod codeBase="C:/Users/Emmanuel/Desktop/siabd/projet/projetSIABD/projetSIABD.Tests/bin/Debug/projetSIABD.Tests.DLL" adapterTypeName="Microsoft.VisualStudio.TestTools.TestTypes.Unit.UnitTestAdapter, Microsoft.VisualStudio.QualityTools.Tips.UnitTest.Adapter, Version=10.0.0.0, Culture=neutral, PublicKeyToken=b03f5f7f11d50a3a" className="projetSIABD.Tests.Controllers.AccountControllerTest, projetSIABD.Tests, Version=1.0.0.0, Culture=neutral, PublicKeyToken=null" name="Register_Post_ReturnsRedirectOnSuccess" />
    </UnitTest>
    <UnitTest name="LogOn_Get_ReturnsView" storage="c:\users\emmanuel\desktop\siabd\projet\projetsiabd\projetsiabd.tests\bin\debug\projetsiabd.tests.dll" id="5ee921fc-a044-8942-f86f-77749095dc40">
      <Execution id="a7c8f8f6-e204-420d-863b-50104c5fa7ca" />
      <TestMethod codeBase="C:/Users/Emmanuel/Desktop/siabd/projet/projetSIABD/projetSIABD.Tests/bin/Debug/projetSIABD.Tests.DLL" adapterTypeName="Microsoft.VisualStudio.TestTools.TestTypes.Unit.UnitTestAdapter, Microsoft.VisualStudio.QualityTools.Tips.UnitTest.Adapter, Version=10.0.0.0, Culture=neutral, PublicKeyToken=b03f5f7f11d50a3a" className="projetSIABD.Tests.Controllers.AccountControllerTest, projetSIABD.Tests, Version=1.0.0.0, Culture=neutral, PublicKeyToken=null" name="LogOn_Get_ReturnsView" />
    </UnitTest>
    <UnitTest name="Index" storage="c:\users\emmanuel\desktop\siabd\projet\projetsiabd\projetsiabd.tests\bin\debug\projetsiabd.tests.dll" id="5dd20394-cfe9-ad1e-4792-410aa2308cfa">
      <Execution id="fef78459-0df3-48d9-ad5d-126c7799944d" />
      <TestMethod codeBase="C:/Users/Emmanuel/Desktop/siabd/projet/projetSIABD/projetSIABD.Tests/bin/Debug/projetSIABD.Tests.DLL" adapterTypeName="Microsoft.VisualStudio.TestTools.TestTypes.Unit.UnitTestAdapter, Microsoft.VisualStudio.QualityTools.Tips.UnitTest.Adapter, Version=10.0.0.0, Culture=neutral, PublicKeyToken=b03f5f7f11d50a3a" className="projetSIABD.Tests.Controllers.HomeControllerTest, projetSIABD.Tests, Version=1.0.0.0, Culture=neutral, PublicKeyToken=null" name="Index" />
    </UnitTest>
    <UnitTest name="ChangePassword_Post_ReturnsRedirectOnSuccess" storage="c:\users\emmanuel\desktop\siabd\projet\projetsiabd\projetsiabd.tests\bin\debug\projetsiabd.tests.dll" id="336cb6a4-0825-a5b7-4a68-fc0aaa045ff4">
      <Execution id="98841b4a-0af3-46f5-b758-26c77c443858" />
      <TestMethod codeBase="C:/Users/Emmanuel/Desktop/siabd/projet/projetSIABD/projetSIABD.Tests/bin/Debug/projetSIABD.Tests.DLL" adapterTypeName="Microsoft.VisualStudio.TestTools.TestTypes.Unit.UnitTestAdapter, Microsoft.VisualStudio.QualityTools.Tips.UnitTest.Adapter, Version=10.0.0.0, Culture=neutral, PublicKeyToken=b03f5f7f11d50a3a" className="projetSIABD.Tests.Controllers.AccountControllerTest, projetSIABD.Tests, Version=1.0.0.0, Culture=neutral, PublicKeyToken=null" name="ChangePassword_Post_ReturnsRedirectOnSuccess" />
    </UnitTest>
    <UnitTest name="LogOn_Post_ReturnsViewIfValidateUserFails" storage="c:\users\emmanuel\desktop\siabd\projet\projetsiabd\projetsiabd.tests\bin\debug\projetsiabd.tests.dll" id="ac0f042e-ae9a-2786-6a9a-3630e0ca324a">
      <Execution id="56f6e55b-4839-49af-bd34-7ed17e38a93f" />
      <TestMethod codeBase="C:/Users/Emmanuel/Desktop/siabd/projet/projetSIABD/projetSIABD.Tests/bin/Debug/projetSIABD.Tests.DLL" adapterTypeName="Microsoft.VisualStudio.TestTools.TestTypes.Unit.UnitTestAdapter, Microsoft.VisualStudio.QualityTools.Tips.UnitTest.Adapter, Version=10.0.0.0, Culture=neutral, PublicKeyToken=b03f5f7f11d50a3a" className="projetSIABD.Tests.Controllers.AccountControllerTest, projetSIABD.Tests, Version=1.0.0.0, Culture=neutral, PublicKeyToken=null" name="LogOn_Post_ReturnsViewIfValidateUserFails" />
    </UnitTest>
    <UnitTest name="Register_Post_ReturnsViewIfRegistrationFails" storage="c:\users\emmanuel\desktop\siabd\projet\projetsiabd\projetsiabd.tests\bin\debug\projetsiabd.tests.dll" id="3d77df01-c586-fe40-f81d-e8a328cce2eb">
      <Execution id="15a9c5c9-84a9-4900-9370-04eb2299033e" />
      <TestMethod codeBase="C:/Users/Emmanuel/Desktop/siabd/projet/projetSIABD/projetSIABD.Tests/bin/Debug/projetSIABD.Tests.DLL" adapterTypeName="Microsoft.VisualStudio.TestTools.TestTypes.Unit.UnitTestAdapter, Microsoft.VisualStudio.QualityTools.Tips.UnitTest.Adapter, Version=10.0.0.0, Culture=neutral, PublicKeyToken=b03f5f7f11d50a3a" className="projetSIABD.Tests.Controllers.AccountControllerTest, projetSIABD.Tests, Version=1.0.0.0, Culture=neutral, PublicKeyToken=null" name="Register_Post_ReturnsViewIfRegistrationFails" />
    </UnitTest>
    <UnitTest name="LogOff_LogsOutAndRedirects" storage="c:\users\emmanuel\desktop\siabd\projet\projetsiabd\projetsiabd.tests\bin\debug\projetsiabd.tests.dll" id="0bd9dd26-3e93-03dc-8a0b-f43c075d2a6a">
      <Execution id="5f82270a-ff7b-47af-a70e-a4f66b7073a3" />
      <TestMethod codeBase="C:/Users/Emmanuel/Desktop/siabd/projet/projetSIABD/projetSIABD.Tests/bin/Debug/projetSIABD.Tests.DLL" adapterTypeName="Microsoft.VisualStudio.TestTools.TestTypes.Unit.UnitTestAdapter, Microsoft.VisualStudio.QualityTools.Tips.UnitTest.Adapter, Version=10.0.0.0, Culture=neutral, PublicKeyToken=b03f5f7f11d50a3a" className="projetSIABD.Tests.Controllers.AccountControllerTest, projetSIABD.Tests, Version=1.0.0.0, Culture=neutral, PublicKeyToken=null" name="LogOff_LogsOutAndRedirects" />
    </UnitTest>
    <UnitTest name="About" storage="c:\users\emmanuel\desktop\siabd\projet\projetsiabd\projetsiabd.tests\bin\debug\projetsiabd.tests.dll" id="175d46b5-0796-765b-5032-96984d333ae4">
      <Execution id="a80375af-a440-4a53-80cc-b949cf8114b7" />
      <TestMethod codeBase="C:/Users/Emmanuel/Desktop/siabd/projet/projetSIABD/projetSIABD.Tests/bin/Debug/projetSIABD.Tests.DLL" adapterTypeName="Microsoft.VisualStudio.TestTools.TestTypes.Unit.UnitTestAdapter, Microsoft.VisualStudio.QualityTools.Tips.UnitTest.Adapter, Version=10.0.0.0, Culture=neutral, PublicKeyToken=b03f5f7f11d50a3a" className="projetSIABD.Tests.Controllers.HomeControllerTest, projetSIABD.Tests, Version=1.0.0.0, Culture=neutral, PublicKeyToken=null" name="About" />
    </UnitTest>
    <UnitTest name="ChangePasswordSuccess_ReturnsView" storage="c:\users\emmanuel\desktop\siabd\projet\projetsiabd\projetsiabd.tests\bin\debug\projetsiabd.tests.dll" id="c3807333-c314-95de-3881-b87e1f746813">
      <Execution id="cb8c2d3a-f67c-41af-818e-1ce5aa6c1dca" />
      <TestMethod codeBase="C:/Users/Emmanuel/Desktop/siabd/projet/projetSIABD/projetSIABD.Tests/bin/Debug/projetSIABD.Tests.DLL" adapterTypeName="Microsoft.VisualStudio.TestTools.TestTypes.Unit.UnitTestAdapter, Microsoft.VisualStudio.QualityTools.Tips.UnitTest.Adapter, Version=10.0.0.0, Culture=neutral, PublicKeyToken=b03f5f7f11d50a3a" className="projetSIABD.Tests.Controllers.AccountControllerTest, projetSIABD.Tests, Version=1.0.0.0, Culture=neutral, PublicKeyToken=null" name="ChangePasswordSuccess_ReturnsView" />
    </UnitTest>
    <UnitTest name="ChangePassword_Get_ReturnsView" storage="c:\users\emmanuel\desktop\siabd\projet\projetsiabd\projetsiabd.tests\bin\debug\projetsiabd.tests.dll" id="5ba04fc7-1450-1b69-1318-c8c65d226fb5">
      <Execution id="917f400e-35c1-45b3-a6a9-a6a54ec7b633" />
      <TestMethod codeBase="C:/Users/Emmanuel/Desktop/siabd/projet/projetSIABD/projetSIABD.Tests/bin/Debug/projetSIABD.Tests.DLL" adapterTypeName="Microsoft.VisualStudio.TestTools.TestTypes.Unit.UnitTestAdapter, Microsoft.VisualStudio.QualityTools.Tips.UnitTest.Adapter, Version=10.0.0.0, Culture=neutral, PublicKeyToken=b03f5f7f11d50a3a" className="projetSIABD.Tests.Controllers.AccountControllerTest, projetSIABD.Tests, Version=1.0.0.0, Culture=neutral, PublicKeyToken=null" name="ChangePassword_Get_ReturnsView" />
    </UnitTest>
    <UnitTest name="ChangePassword_Post_ReturnsViewIfChangePasswordFails" storage="c:\users\emmanuel\desktop\siabd\projet\projetsiabd\projetsiabd.tests\bin\debug\projetsiabd.tests.dll" id="3222c9d7-01ab-b77a-f609-93c94ea34946">
      <Execution id="b9635ccf-4e43-4665-9b32-d3d9843ee55e" />
      <TestMethod codeBase="C:/Users/Emmanuel/Desktop/siabd/projet/projetSIABD/projetSIABD.Tests/bin/Debug/projetSIABD.Tests.DLL" adapterTypeName="Microsoft.VisualStudio.TestTools.TestTypes.Unit.UnitTestAdapter, Microsoft.VisualStudio.QualityTools.Tips.UnitTest.Adapter, Version=10.0.0.0, Culture=neutral, PublicKeyToken=b03f5f7f11d50a3a" className="projetSIABD.Tests.Controllers.AccountControllerTest, projetSIABD.Tests, Version=1.0.0.0, Culture=neutral, PublicKeyToken=null" name="ChangePassword_Post_ReturnsViewIfChangePasswordFails" />
    </UnitTest>
    <UnitTest name="LogOn_Post_ReturnsRedirectOnSuccess_WithReturnUrl" storage="c:\users\emmanuel\desktop\siabd\projet\projetsiabd\projetsiabd.tests\bin\debug\projetsiabd.tests.dll" id="4fa759ec-98e7-c948-1855-d039d31c55de">
      <Execution id="be159a4b-0649-418f-8538-af48b0566061" />
      <TestMethod codeBase="C:/Users/Emmanuel/Desktop/siabd/projet/projetSIABD/projetSIABD.Tests/bin/Debug/projetSIABD.Tests.DLL" adapterTypeName="Microsoft.VisualStudio.TestTools.TestTypes.Unit.UnitTestAdapter, Microsoft.VisualStudio.QualityTools.Tips.UnitTest.Adapter, Version=10.0.0.0, Culture=neutral, PublicKeyToken=b03f5f7f11d50a3a" className="projetSIABD.Tests.Controllers.AccountControllerTest, projetSIABD.Tests, Version=1.0.0.0, Culture=neutral, PublicKeyToken=null" name="LogOn_Post_ReturnsRedirectOnSuccess_WithReturnUrl" />
    </UnitTest>
    <UnitTest name="LogOn_Post_ReturnsViewIfModelStateIsInvalid" storage="c:\users\emmanuel\desktop\siabd\projet\projetsiabd\projetsiabd.tests\bin\debug\projetsiabd.tests.dll" id="417dc34d-b47d-345c-6ce8-4fad596356b2">
      <Execution id="7df16bd8-56cd-4336-b0f2-6b49b6848859" />
      <TestMethod codeBase="C:/Users/Emmanuel/Desktop/siabd/projet/projetSIABD/projetSIABD.Tests/bin/Debug/projetSIABD.Tests.DLL" adapterTypeName="Microsoft.VisualStudio.TestTools.TestTypes.Unit.UnitTestAdapter, Microsoft.VisualStudio.QualityTools.Tips.UnitTest.Adapter, Version=10.0.0.0, Culture=neutral, PublicKeyToken=b03f5f7f11d50a3a" className="projetSIABD.Tests.Controllers.AccountControllerTest, projetSIABD.Tests, Version=1.0.0.0, Culture=neutral, PublicKeyToken=null" name="LogOn_Post_ReturnsViewIfModelStateIsInvalid" />
    </UnitTest>
    <UnitTest name="LogOn_Post_ReturnsRedirectOnSuccess_WithoutReturnUrl" storage="c:\users\emmanuel\desktop\siabd\projet\projetsiabd\projetsiabd.tests\bin\debug\projetsiabd.tests.dll" id="b62c31e1-1c69-bc90-7826-1f029851c6d0">
      <Execution id="460b1456-e503-4722-b670-d93d87c11870" />
      <TestMethod codeBase="C:/Users/Emmanuel/Desktop/siabd/projet/projetSIABD/projetSIABD.Tests/bin/Debug/projetSIABD.Tests.DLL" adapterTypeName="Microsoft.VisualStudio.TestTools.TestTypes.Unit.UnitTestAdapter, Microsoft.VisualStudio.QualityTools.Tips.UnitTest.Adapter, Version=10.0.0.0, Culture=neutral, PublicKeyToken=b03f5f7f11d50a3a" className="projetSIABD.Tests.Controllers.AccountControllerTest, projetSIABD.Tests, Version=1.0.0.0, Culture=neutral, PublicKeyToken=null" name="LogOn_Post_ReturnsRedirectOnSuccess_WithoutReturnUrl" />
    </UnitTest>
  </TestDefinitions>
  <TestLists>
    <TestList name="Les résultats ne figurent pas dans une liste" id="8c84fa94-04c1-424b-9868-57a2d4851a1d" />
    <TestList name="Tous les résultats chargés" id="19431567-8539-422a-85d7-44ee4e166bda" />
  </TestLists>
  <TestEntries>
    <TestEntry testId="5dd20394-cfe9-ad1e-4792-410aa2308cfa" executionId="fef78459-0df3-48d9-ad5d-126c7799944d" testListId="8c84fa94-04c1-424b-9868-57a2d4851a1d" />
    <TestEntry testId="175d46b5-0796-765b-5032-96984d333ae4" executionId="a80375af-a440-4a53-80cc-b949cf8114b7" testListId="8c84fa94-04c1-424b-9868-57a2d4851a1d" />
    <TestEntry testId="5ba04fc7-1450-1b69-1318-c8c65d226fb5" executionId="917f400e-35c1-45b3-a6a9-a6a54ec7b633" testListId="8c84fa94-04c1-424b-9868-57a2d4851a1d" />
    <TestEntry testId="336cb6a4-0825-a5b7-4a68-fc0aaa045ff4" executionId="98841b4a-0af3-46f5-b758-26c77c443858" testListId="8c84fa94-04c1-424b-9868-57a2d4851a1d" />
    <TestEntry testId="3222c9d7-01ab-b77a-f609-93c94ea34946" executionId="b9635ccf-4e43-4665-9b32-d3d9843ee55e" testListId="8c84fa94-04c1-424b-9868-57a2d4851a1d" />
    <TestEntry testId="9ad0fbbf-2966-36c0-0bae-d70e8c8655e6" executionId="4e550f9d-952c-4c0e-a664-9b246e2c7409" testListId="8c84fa94-04c1-424b-9868-57a2d4851a1d" />
    <TestEntry testId="c3807333-c314-95de-3881-b87e1f746813" executionId="cb8c2d3a-f67c-41af-818e-1ce5aa6c1dca" testListId="8c84fa94-04c1-424b-9868-57a2d4851a1d" />
    <TestEntry testId="0bd9dd26-3e93-03dc-8a0b-f43c075d2a6a" executionId="5f82270a-ff7b-47af-a70e-a4f66b7073a3" testListId="8c84fa94-04c1-424b-9868-57a2d4851a1d" />
    <TestEntry testId="5ee921fc-a044-8942-f86f-77749095dc40" executionId="a7c8f8f6-e204-420d-863b-50104c5fa7ca" testListId="8c84fa94-04c1-424b-9868-57a2d4851a1d" />
    <TestEntry testId="b62c31e1-1c69-bc90-7826-1f029851c6d0" executionId="460b1456-e503-4722-b670-d93d87c11870" testListId="8c84fa94-04c1-424b-9868-57a2d4851a1d" />
    <TestEntry testId="4fa759ec-98e7-c948-1855-d039d31c55de" executionId="be159a4b-0649-418f-8538-af48b0566061" testListId="8c84fa94-04c1-424b-9868-57a2d4851a1d" />
    <TestEntry testId="417dc34d-b47d-345c-6ce8-4fad596356b2" executionId="7df16bd8-56cd-4336-b0f2-6b49b6848859" testListId="8c84fa94-04c1-424b-9868-57a2d4851a1d" />
    <TestEntry testId="ac0f042e-ae9a-2786-6a9a-3630e0ca324a" executionId="56f6e55b-4839-49af-bd34-7ed17e38a93f" testListId="8c84fa94-04c1-424b-9868-57a2d4851a1d" />
    <TestEntry testId="a41d7477-b448-cf21-9d1b-32930fd14623" executionId="26406109-b112-43c7-a0dc-b7adbf32ee9c" testListId="8c84fa94-04c1-424b-9868-57a2d4851a1d" />
    <TestEntry testId="50136e7f-047e-2233-eda8-527ac172e89b" executionId="f0b9c276-6477-4057-8c99-8466fde8bceb" testListId="8c84fa94-04c1-424b-9868-57a2d4851a1d" />
    <TestEntry testId="3d77df01-c586-fe40-f81d-e8a328cce2eb" executionId="15a9c5c9-84a9-4900-9370-04eb2299033e" testListId="8c84fa94-04c1-424b-9868-57a2d4851a1d" />
    <TestEntry testId="b0e15bb5-66eb-1e24-6ae3-55f2dc425e75" executionId="1439828f-6a19-48d8-a843-10821676aed8" testListId="8c84fa94-04c1-424b-9868-57a2d4851a1d" />
  </TestEntries>
  <Results>
    <UnitTestResult executionId="fef78459-0df3-48d9-ad5d-126c7799944d" testId="5dd20394-cfe9-ad1e-4792-410aa2308cfa" testName="Index" computerName="EMMANUEL-PC" startTime="2013-01-12T19:29:12.6034385+01:00" endTime="2013-01-12T19:29:13.4664879+01:00" testType="13cdc9d9-ddb5-4fa4-a97d-d965ccfc6d4b" outcome="Failed" testListId="8c84fa94-04c1-424b-9868-57a2d4851a1d" relativeResultsDirectory="fef78459-0df3-48d9-ad5d-126c7799944d">
      <Output>
        <ErrorInfo>
          <Message>L'adaptateur de test unitaire a levé une exception : 
Impossible de charger un ou plusieurs des types requis. Extrayez la propriété LoaderExceptions pour plus d'informations..</Message>
        </ErrorInfo>
      </Output>
    </UnitTestResult>
    <UnitTestResult executionId="a80375af-a440-4a53-80cc-b949cf8114b7" testId="175d46b5-0796-765b-5032-96984d333ae4" testName="About" computerName="EMMANUEL-PC" startTime="2013-01-12T19:29:13.4694881+01:00" endTime="2013-01-12T19:29:13.4854890+01:00" testType="13cdc9d9-ddb5-4fa4-a97d-d965ccfc6d4b" outcome="Failed" testListId="8c84fa94-04c1-424b-9868-57a2d4851a1d" relativeResultsDirectory="a80375af-a440-4a53-80cc-b949cf8114b7">
      <Output>
        <ErrorInfo>
          <Message>L'adaptateur de test unitaire a levé une exception : 
Impossible de charger un ou plusieurs des types requis. Extrayez la propriété LoaderExceptions pour plus d'informations..</Message>
        </ErrorInfo>
      </Output>
    </UnitTestResult>
    <UnitTestResult executionId="917f400e-35c1-45b3-a6a9-a6a54ec7b633" testId="5ba04fc7-1450-1b69-1318-c8c65d226fb5" testName="ChangePassword_Get_ReturnsView" computerName="EMMANUEL-PC" startTime="2013-01-12T19:29:13.4914893+01:00" endTime="2013-01-12T19:29:13.5054901+01:00" testType="13cdc9d9-ddb5-4fa4-a97d-d965ccfc6d4b" outcome="Failed" testListId="8c84fa94-04c1-424b-9868-57a2d4851a1d" relativeResultsDirectory="917f400e-35c1-45b3-a6a9-a6a54ec7b633">
      <Output>
        <ErrorInfo>
          <Message>L'adaptateur de test unitaire a levé une exception : 
Impossible de charger un ou plusieurs des types requis. Extrayez la propriété LoaderExceptions pour plus d'informations..</Message>
        </ErrorInfo>
      </Output>
    </UnitTestResult>
    <UnitTestResult executionId="98841b4a-0af3-46f5-b758-26c77c443858" testId="336cb6a4-0825-a5b7-4a68-fc0aaa045ff4" testName="ChangePassword_Post_ReturnsRedirectOnSuccess" computerName="EMMANUEL-PC" startTime="2013-01-12T19:29:13.5124905+01:00" endTime="2013-01-12T19:29:13.5274914+01:00" testType="13cdc9d9-ddb5-4fa4-a97d-d965ccfc6d4b" outcome="Failed" testListId="8c84fa94-04c1-424b-9868-57a2d4851a1d" relativeResultsDirectory="98841b4a-0af3-46f5-b758-26c77c443858">
      <Output>
        <ErrorInfo>
          <Message>L'adaptateur de test unitaire a levé une exception : 
Impossible de charger un ou plusieurs des types requis. Extrayez la propriété LoaderExceptions pour plus d'informations..</Message>
        </ErrorInfo>
      </Output>
    </UnitTestResult>
    <UnitTestResult executionId="b9635ccf-4e43-4665-9b32-d3d9843ee55e" testId="3222c9d7-01ab-b77a-f609-93c94ea34946" testName="ChangePassword_Post_ReturnsViewIfChangePasswordFails" computerName="EMMANUEL-PC" startTime="2013-01-12T19:29:13.5394921+01:00" endTime="2013-01-12T19:29:13.5534929+01:00" testType="13cdc9d9-ddb5-4fa4-a97d-d965ccfc6d4b" outcome="Failed" testListId="8c84fa94-04c1-424b-9868-57a2d4851a1d" relativeResultsDirectory="b9635ccf-4e43-4665-9b32-d3d9843ee55e">
      <Output>
        <ErrorInfo>
          <Message>L'adaptateur de test unitaire a levé une exception : 
Impossible de charger un ou plusieurs des types requis. Extrayez la propriété LoaderExceptions pour plus d'informations..</Message>
        </ErrorInfo>
      </Output>
    </UnitTestResult>
    <UnitTestResult executionId="4e550f9d-952c-4c0e-a664-9b246e2c7409" testId="9ad0fbbf-2966-36c0-0bae-d70e8c8655e6" testName="ChangePassword_Post_ReturnsViewIfModelStateIsInvalid" computerName="EMMANUEL-PC" startTime="2013-01-12T19:29:13.5604933+01:00" endTime="2013-01-12T19:29:13.5744941+01:00" testType="13cdc9d9-ddb5-4fa4-a97d-d965ccfc6d4b" outcome="Failed" testListId="8c84fa94-04c1-424b-9868-57a2d4851a1d" relativeResultsDirectory="4e550f9d-952c-4c0e-a664-9b246e2c7409">
      <Output>
        <ErrorInfo>
          <Message>L'adaptateur de test unitaire a levé une exception : 
Impossible de charger un ou plusieurs des types requis. Extrayez la propriété LoaderExceptions pour plus d'informations..</Message>
        </ErrorInfo>
      </Output>
    </UnitTestResult>
    <UnitTestResult executionId="cb8c2d3a-f67c-41af-818e-1ce5aa6c1dca" testId="c3807333-c314-95de-3881-b87e1f746813" testName="ChangePasswordSuccess_ReturnsView" computerName="EMMANUEL-PC" startTime="2013-01-12T19:29:13.5774942+01:00" endTime="2013-01-12T19:29:13.5934952+01:00" testType="13cdc9d9-ddb5-4fa4-a97d-d965ccfc6d4b" outcome="Failed" testListId="8c84fa94-04c1-424b-9868-57a2d4851a1d" relativeResultsDirectory="cb8c2d3a-f67c-41af-818e-1ce5aa6c1dca">
      <Output>
        <ErrorInfo>
          <Message>L'adaptateur de test unitaire a levé une exception : 
Impossible de charger un ou plusieurs des types requis. Extrayez la propriété LoaderExceptions pour plus d'informations..</Message>
        </ErrorInfo>
      </Output>
    </UnitTestResult>
    <UnitTestResult executionId="5f82270a-ff7b-47af-a70e-a4f66b7073a3" testId="0bd9dd26-3e93-03dc-8a0b-f43c075d2a6a" testName="LogOff_LogsOutAndRedirects" computerName="EMMANUEL-PC" startTime="2013-01-12T19:29:13.5984954+01:00" endTime="2013-01-12T19:29:13.6124962+01:00" testType="13cdc9d9-ddb5-4fa4-a97d-d965ccfc6d4b" outcome="Failed" testListId="8c84fa94-04c1-424b-9868-57a2d4851a1d" relativeResultsDirectory="5f82270a-ff7b-47af-a70e-a4f66b7073a3">
      <Output>
        <ErrorInfo>
          <Message>L'adaptateur de test unitaire a levé une exception : 
Impossible de charger un ou plusieurs des types requis. Extrayez la propriété LoaderExceptions pour plus d'informations..</Message>
        </ErrorInfo>
      </Output>
    </UnitTestResult>
    <UnitTestResult executionId="a7c8f8f6-e204-420d-863b-50104c5fa7ca" testId="5ee921fc-a044-8942-f86f-77749095dc40" testName="LogOn_Get_ReturnsView" computerName="EMMANUEL-PC" startTime="2013-01-12T19:29:13.6154964+01:00" endTime="2013-01-12T19:29:13.6304973+01:00" testType="13cdc9d9-ddb5-4fa4-a97d-d965ccfc6d4b" outcome="Failed" testListId="8c84fa94-04c1-424b-9868-57a2d4851a1d" relativeResultsDirectory="a7c8f8f6-e204-420d-863b-50104c5fa7ca">
      <Output>
        <ErrorInfo>
          <Message>L'adaptateur de test unitaire a levé une exception : 
Impossible de charger un ou plusieurs des types requis. Extrayez la propriété LoaderExceptions pour plus d'informations..</Message>
        </ErrorInfo>
      </Output>
    </UnitTestResult>
    <UnitTestResult executionId="460b1456-e503-4722-b670-d93d87c11870" testId="b62c31e1-1c69-bc90-7826-1f029851c6d0" testName="LogOn_Post_ReturnsRedirectOnSuccess_WithoutReturnUrl" computerName="EMMANUEL-PC" startTime="2013-01-12T19:29:13.6364976+01:00" endTime="2013-01-12T19:29:13.6514985+01:00" testType="13cdc9d9-ddb5-4fa4-a97d-d965ccfc6d4b" outcome="Failed" testListId="8c84fa94-04c1-424b-9868-57a2d4851a1d" relativeResultsDirectory="460b1456-e503-4722-b670-d93d87c11870">
      <Output>
        <ErrorInfo>
          <Message>L'adaptateur de test unitaire a levé une exception : 
Impossible de charger un ou plusieurs des types requis. Extrayez la propriété LoaderExceptions pour plus d'informations..</Message>
        </ErrorInfo>
      </Output>
    </UnitTestResult>
    <UnitTestResult executionId="be159a4b-0649-418f-8538-af48b0566061" testId="4fa759ec-98e7-c948-1855-d039d31c55de" testName="LogOn_Post_ReturnsRedirectOnSuccess_WithReturnUrl" computerName="EMMANUEL-PC" startTime="2013-01-12T19:29:13.6564988+01:00" endTime="2013-01-12T19:29:13.6714996+01:00" testType="13cdc9d9-ddb5-4fa4-a97d-d965ccfc6d4b" outcome="Failed" testListId="8c84fa94-04c1-424b-9868-57a2d4851a1d" relativeResultsDirectory="be159a4b-0649-418f-8538-af48b0566061">
      <Output>
        <ErrorInfo>
          <Message>L'adaptateur de test unitaire a levé une exception : 
Impossible de charger un ou plusieurs des types requis. Extrayez la propriété LoaderExceptions pour plus d'informations..</Message>
        </ErrorInfo>
      </Output>
    </UnitTestResult>
    <UnitTestResult executionId="7df16bd8-56cd-4336-b0f2-6b49b6848859" testId="417dc34d-b47d-345c-6ce8-4fad596356b2" testName="LogOn_Post_ReturnsViewIfModelStateIsInvalid" computerName="EMMANUEL-PC" startTime="2013-01-12T19:29:13.6754999+01:00" endTime="2013-01-12T19:29:13.6895007+01:00" testType="13cdc9d9-ddb5-4fa4-a97d-d965ccfc6d4b" outcome="Failed" testListId="8c84fa94-04c1-424b-9868-57a2d4851a1d" relativeResultsDirectory="7df16bd8-56cd-4336-b0f2-6b49b6848859">
      <Output>
        <ErrorInfo>
          <Message>L'adaptateur de test unitaire a levé une exception : 
Impossible de charger un ou plusieurs des types requis. Extrayez la propriété LoaderExceptions pour plus d'informations..</Message>
        </ErrorInfo>
      </Output>
    </UnitTestResult>
    <UnitTestResult executionId="56f6e55b-4839-49af-bd34-7ed17e38a93f" testId="ac0f042e-ae9a-2786-6a9a-3630e0ca324a" testName="LogOn_Post_ReturnsViewIfValidateUserFails" computerName="EMMANUEL-PC" startTime="2013-01-12T19:29:13.6955010+01:00" endTime="2013-01-12T19:29:13.7085017+01:00" testType="13cdc9d9-ddb5-4fa4-a97d-d965ccfc6d4b" outcome="Failed" testListId="8c84fa94-04c1-424b-9868-57a2d4851a1d" relativeResultsDirectory="56f6e55b-4839-49af-bd34-7ed17e38a93f">
      <Output>
        <ErrorInfo>
          <Message>L'adaptateur de test unitaire a levé une exception : 
Impossible de charger un ou plusieurs des types requis. Extrayez la propriété LoaderExceptions pour plus d'informations..</Message>
        </ErrorInfo>
      </Output>
    </UnitTestResult>
    <UnitTestResult executionId="26406109-b112-43c7-a0dc-b7adbf32ee9c" testId="a41d7477-b448-cf21-9d1b-32930fd14623" testName="Register_Get_ReturnsView" computerName="EMMANUEL-PC" startTime="2013-01-12T19:29:13.7135020+01:00" endTime="2013-01-12T19:29:13.7275028+01:00" testType="13cdc9d9-ddb5-4fa4-a97d-d965ccfc6d4b" outcome="Failed" testListId="8c84fa94-04c1-424b-9868-57a2d4851a1d" relativeResultsDirectory="26406109-b112-43c7-a0dc-b7adbf32ee9c">
      <Output>
        <ErrorInfo>
          <Message>L'adaptateur de test unitaire a levé une exception : 
Impossible de charger un ou plusieurs des types requis. Extrayez la propriété LoaderExceptions pour plus d'informations..</Message>
        </ErrorInfo>
      </Output>
    </UnitTestResult>
    <UnitTestResult executionId="f0b9c276-6477-4057-8c99-8466fde8bceb" testId="50136e7f-047e-2233-eda8-527ac172e89b" testName="Register_Post_ReturnsRedirectOnSuccess" computerName="EMMANUEL-PC" startTime="2013-01-12T19:29:13.7305030+01:00" endTime="2013-01-12T19:29:13.7445038+01:00" testType="13cdc9d9-ddb5-4fa4-a97d-d965ccfc6d4b" outcome="Failed" testListId="8c84fa94-04c1-424b-9868-57a2d4851a1d" relativeResultsDirectory="f0b9c276-6477-4057-8c99-8466fde8bceb">
      <Output>
        <ErrorInfo>
          <Message>L'adaptateur de test unitaire a levé une exception : 
Impossible de charger un ou plusieurs des types requis. Extrayez la propriété LoaderExceptions pour plus d'informations..</Message>
        </ErrorInfo>
      </Output>
    </UnitTestResult>
    <UnitTestResult executionId="15a9c5c9-84a9-4900-9370-04eb2299033e" testId="3d77df01-c586-fe40-f81d-e8a328cce2eb" testName="Register_Post_ReturnsViewIfRegistrationFails" computerName="EMMANUEL-PC" startTime="2013-01-12T19:29:13.7465039+01:00" endTime="2013-01-12T19:29:13.7605047+01:00" testType="13cdc9d9-ddb5-4fa4-a97d-d965ccfc6d4b" outcome="Failed" testListId="8c84fa94-04c1-424b-9868-57a2d4851a1d" relativeResultsDirectory="15a9c5c9-84a9-4900-9370-04eb2299033e">
      <Output>
        <ErrorInfo>
          <Message>L'adaptateur de test unitaire a levé une exception : 
Impossible de charger un ou plusieurs des types requis. Extrayez la propriété LoaderExceptions pour plus d'informations..</Message>
        </ErrorInfo>
      </Output>
    </UnitTestResult>
    <UnitTestResult executionId="1439828f-6a19-48d8-a843-10821676aed8" testId="b0e15bb5-66eb-1e24-6ae3-55f2dc425e75" testName="Register_Post_ReturnsViewIfModelStateIsInvalid" computerName="EMMANUEL-PC" startTime="2013-01-12T19:29:13.7665051+01:00" endTime="2013-01-12T19:29:13.7795058+01:00" testType="13cdc9d9-ddb5-4fa4-a97d-d965ccfc6d4b" outcome="Failed" testListId="8c84fa94-04c1-424b-9868-57a2d4851a1d" relativeResultsDirectory="1439828f-6a19-48d8-a843-10821676aed8">
      <Output>
        <ErrorInfo>
          <Message>L'adaptateur de test unitaire a levé une exception : 
Impossible de charger un ou plusieurs des types requis. Extrayez la propriété LoaderExceptions pour plus d'informations..</Message>
        </ErrorInfo>
      </Output>
    </UnitTestResult>
  </Results>
</TestRun>